{"/Users/ranpin/code/ranpin.github.io/src/components/EditableCard.tsx": {"path":"/Users/ranpin/code/ranpin.github.io/src/components/EditableCard.tsx","statementMap":{"0":{"start":{"line":16,"column":6},"end":{"line":134,"column":null}},"1":{"start":{"line":26,"column":28},"end":{"line":26,"column":67}},"2":{"start":{"line":28,"column":2},"end":{"line":29,"column":null}},"3":{"start":{"line":29,"column":4},"end":{"line":29,"column":null}},"4":{"start":{"line":32,"column":2},"end":{"line":134,"column":null}},"5":{"start":{"line":39,"column":12},"end":{"line":39,"column":null}},"6":{"start":{"line":40,"column":12},"end":{"line":40,"column":null}},"7":{"start":{"line":60,"column":16},"end":{"line":60,"column":null}},"8":{"start":{"line":61,"column":16},"end":{"line":61,"column":null}},"9":{"start":{"line":73,"column":16},"end":{"line":73,"column":null}},"10":{"start":{"line":74,"column":16},"end":{"line":74,"column":null}},"11":{"start":{"line":90,"column":12},"end":{"line":90,"column":null}},"12":{"start":{"line":91,"column":12},"end":{"line":91,"column":null}},"13":{"start":{"line":118,"column":31},"end":{"line":118,"column":58}},"14":{"start":{"line":125,"column":18},"end":{"line":125,"column":null}},"15":{"start":{"line":126,"column":18},"end":{"line":126,"column":null}}},"fnMap":{"0":{"name":"(anonymous_0)","decl":{"start":{"line":16,"column":6},"end":{"line":16,"column":51}},"loc":{"start":{"line":25,"column":6},"end":{"line":134,"column":null}},"line":25},"1":{"name":"(anonymous_1)","decl":{"start":{"line":38,"column":10},"end":{"line":38,"column":20}},"loc":{"start":{"line":38,"column":26},"end":{"line":40,"column":null}},"line":38},"2":{"name":"(anonymous_2)","decl":{"start":{"line":59,"column":14},"end":{"line":59,"column":24}},"loc":{"start":{"line":59,"column":30},"end":{"line":61,"column":null}},"line":59},"3":{"name":"(anonymous_3)","decl":{"start":{"line":72,"column":14},"end":{"line":72,"column":24}},"loc":{"start":{"line":72,"column":30},"end":{"line":74,"column":null}},"line":72},"4":{"name":"(anonymous_4)","decl":{"start":{"line":89,"column":10},"end":{"line":89,"column":20}},"loc":{"start":{"line":89,"column":26},"end":{"line":91,"column":null}},"line":89},"5":{"name":"(anonymous_5)","decl":{"start":{"line":118,"column":16},"end":{"line":118,"column":31}},"loc":{"start":{"line":118,"column":31},"end":{"line":118,"column":58}},"line":118},"6":{"name":"(anonymous_6)","decl":{"start":{"line":124,"column":16},"end":{"line":124,"column":31}},"loc":{"start":{"line":124,"column":31},"end":{"line":126,"column":null}},"line":124}},"branchMap":{"0":{"loc":{"start":{"line":23,"column":2},"end":{"line":23,"column":null}},"type":"default-arg","locations":[{"start":{"line":23,"column":14},"end":{"line":23,"column":null}}],"line":23},"1":{"loc":{"start":{"line":24,"column":2},"end":{"line":24,"column":null}},"type":"default-arg","locations":[{"start":{"line":24,"column":21},"end":{"line":24,"column":null}}],"line":24},"2":{"loc":{"start":{"line":28,"column":2},"end":{"line":29,"column":null}},"type":"if","locations":[{"start":{"line":28,"column":2},"end":{"line":29,"column":null}},{"start":{},"end":{}}],"line":28},"3":{"loc":{"start":{"line":35,"column":7},"end":{"line":48,"column":null}},"type":"binary-expr","locations":[{"start":{"line":35,"column":7},"end":{"line":35,"column":27}},{"start":{"line":35,"column":27},"end":{"line":35,"column":null}},{"start":{"line":36,"column":8},"end":{"line":48,"column":null}}],"line":35},"4":{"loc":{"start":{"line":57,"column":11},"end":{"line":70,"column":null}},"type":"binary-expr","locations":[{"start":{"line":57,"column":11},"end":{"line":57,"column":null}},{"start":{"line":58,"column":12},"end":{"line":70,"column":null}}],"line":57},"5":{"loc":{"start":{"line":70,"column":11},"end":{"line":80,"column":null}},"type":"binary-expr","locations":[{"start":{"line":70,"column":11},"end":{"line":70,"column":null}},{"start":{"line":71,"column":12},"end":{"line":80,"column":null}}],"line":70},"6":{"loc":{"start":{"line":86,"column":7},"end":{"line":99,"column":null}},"type":"binary-expr","locations":[{"start":{"line":86,"column":7},"end":{"line":86,"column":27}},{"start":{"line":86,"column":27},"end":{"line":86,"column":null}},{"start":{"line":87,"column":8},"end":{"line":99,"column":null}}],"line":86},"7":{"loc":{"start":{"line":103,"column":7},"end":{"line":134,"column":null}},"type":"binary-expr","locations":[{"start":{"line":103,"column":7},"end":{"line":103,"column":null}},{"start":{"line":104,"column":8},"end":{"line":134,"column":null}}],"line":103}},"s":{"0":1,"1":2,"2":2,"3":2,"4":0,"5":0,"6":0,"7":0,"8":0,"9":0,"10":0,"11":0,"12":0,"13":0,"14":0,"15":0},"f":{"0":2,"1":0,"2":0,"3":0,"4":0,"5":0,"6":0},"b":{"0":[2],"1":[2],"2":[2,0],"3":[0,0,0],"4":[2,0],"5":[2,0],"6":[2,0,0],"7":[2,0]},"meta":{"lastBranch":8,"lastFunction":7,"lastStatement":16,"seen":{"s:16:6:134:Infinity":0,"f:16:6:16:51":0,"b:23:14:23:Infinity":0,"b:24:21:24:Infinity":1,"s:26:28:26:67":1,"b:28:2:29:Infinity:undefined:undefined:undefined:undefined":2,"s:28:2:29:Infinity":2,"s:29:4:29:Infinity":3,"s:32:2:134:Infinity":4,"b:35:7:35:27:35:27:35:Infinity:36:8:48:Infinity":3,"f:38:10:38:20":1,"s:39:12:39:Infinity":5,"s:40:12:40:Infinity":6,"b:57:11:57:Infinity:58:12:70:Infinity":4,"f:59:14:59:24":2,"s:60:16:60:Infinity":7,"s:61:16:61:Infinity":8,"b:70:11:70:Infinity:71:12:80:Infinity":5,"f:72:14:72:24":3,"s:73:16:73:Infinity":9,"s:74:16:74:Infinity":10,"b:86:7:86:27:86:27:86:Infinity:87:8:99:Infinity":6,"f:89:10:89:20":4,"s:90:12:90:Infinity":11,"s:91:12:91:Infinity":12,"b:103:7:103:Infinity:104:8:134:Infinity":7,"f:118:16:118:31":5,"s:118:31:118:58":13,"f:124:16:124:31":6,"s:125:18:125:Infinity":14,"s:126:18:126:Infinity":15}}}
,"/Users/ranpin/code/ranpin.github.io/src/components/Profile.tsx": {"path":"/Users/ranpin/code/ranpin.github.io/src/components/Profile.tsx","statementMap":{"0":{"start":{"line":11,"column":6},"end":{"line":232,"column":null}},"1":{"start":{"line":13,"column":22},"end":{"line":13,"column":84}},"2":{"start":{"line":14,"column":22},"end":{"line":14,"column":54}},"3":{"start":{"line":17,"column":2},"end":{"line":26,"column":null}},"4":{"start":{"line":18,"column":4},"end":{"line":24,"column":null}},"5":{"start":{"line":19,"column":27},"end":{"line":19,"column":75}},"6":{"start":{"line":20,"column":6},"end":{"line":21,"column":null}},"7":{"start":{"line":21,"column":8},"end":{"line":21,"column":null}},"8":{"start":{"line":24,"column":6},"end":{"line":24,"column":null}},"9":{"start":{"line":29,"column":8},"end":{"line":31,"column":null}},"10":{"start":{"line":30,"column":4},"end":{"line":30,"column":null}},"11":{"start":{"line":31,"column":4},"end":{"line":31,"column":null}},"12":{"start":{"line":34,"column":8},"end":{"line":36,"column":null}},"13":{"start":{"line":35,"column":4},"end":{"line":35,"column":null}},"14":{"start":{"line":36,"column":4},"end":{"line":36,"column":null}},"15":{"start":{"line":39,"column":8},"end":{"line":55,"column":null}},"16":{"start":{"line":40,"column":4},"end":{"line":40,"column":null}},"17":{"start":{"line":42,"column":4},"end":{"line":52,"column":null}},"18":{"start":{"line":43,"column":23},"end":{"line":43,"column":39}},"19":{"start":{"line":44,"column":27},"end":{"line":44,"column":56}},"20":{"start":{"line":45,"column":26},"end":{"line":45,"column":52}},"21":{"start":{"line":48,"column":6},"end":{"line":48,"column":null}},"22":{"start":{"line":49,"column":6},"end":{"line":49,"column":null}},"23":{"start":{"line":51,"column":6},"end":{"line":51,"column":null}},"24":{"start":{"line":52,"column":6},"end":{"line":52,"column":null}},"25":{"start":{"line":55,"column":4},"end":{"line":55,"column":null}},"26":{"start":{"line":58,"column":8},"end":{"line":59,"column":null}},"27":{"start":{"line":59,"column":4},"end":{"line":59,"column":null}},"28":{"start":{"line":63,"column":8},"end":{"line":123,"column":null}},"29":{"start":{"line":64,"column":4},"end":{"line":123,"column":null}},"30":{"start":{"line":67,"column":26},"end":{"line":67,"column":55}},"31":{"start":{"line":69,"column":21},"end":{"line":69,"column":45}},"32":{"start":{"line":89,"column":14},"end":{"line":89,"column":null}},"33":{"start":{"line":90,"column":14},"end":{"line":90,"column":null}},"34":{"start":{"line":126,"column":8},"end":{"line":155,"column":null}},"35":{"start":{"line":127,"column":4},"end":{"line":155,"column":null}},"36":{"start":{"line":130,"column":26},"end":{"line":130,"column":57}},"37":{"start":{"line":132,"column":21},"end":{"line":132,"column":47}},"38":{"start":{"line":150,"column":10},"end":{"line":152,"column":null}},"39":{"start":{"line":158,"column":8},"end":{"line":206,"column":null}},"40":{"start":{"line":159,"column":4},"end":{"line":206,"column":null}},"41":{"start":{"line":162,"column":26},"end":{"line":162,"column":54}},"42":{"start":{"line":164,"column":21},"end":{"line":164,"column":44}},"43":{"start":{"line":210,"column":8},"end":{"line":217,"column":null}},"44":{"start":{"line":211,"column":23},"end":{"line":215,"column":null}},"45":{"start":{"line":217,"column":4},"end":{"line":217,"column":null}},"46":{"start":{"line":217,"column":40},"end":{"line":217,"column":63}},"47":{"start":{"line":220,"column":2},"end":{"line":232,"column":null}},"48":{"start":{"line":224,"column":22},"end":{"line":224,"column":64}},"49":{"start":{"line":226,"column":30},"end":{"line":226,"column":74}},"50":{"start":{"line":227,"column":29},"end":{"line":227,"column":73}}},"fnMap":{"0":{"name":"(anonymous_0)","decl":{"start":{"line":11,"column":6},"end":{"line":11,"column":41}},"loc":{"start":{"line":11,"column":94},"end":{"line":232,"column":null}},"line":11},"1":{"name":"(anonymous_1)","decl":{"start":{"line":17,"column":2},"end":{"line":17,"column":18}},"loc":{"start":{"line":17,"column":18},"end":{"line":26,"column":7}},"line":17},"2":{"name":"(anonymous_2)","decl":{"start":{"line":29,"column":8},"end":{"line":29,"column":27}},"loc":{"start":{"line":29,"column":41},"end":{"line":31,"column":null}},"line":29},"3":{"name":"(anonymous_3)","decl":{"start":{"line":34,"column":8},"end":{"line":34,"column":26}},"loc":{"start":{"line":34,"column":32},"end":{"line":36,"column":null}},"line":34},"4":{"name":"(anonymous_4)","decl":{"start":{"line":39,"column":8},"end":{"line":39,"column":22}},"loc":{"start":{"line":39,"column":38},"end":{"line":55,"column":null}},"line":39},"5":{"name":"(anonymous_5)","decl":{"start":{"line":58,"column":8},"end":{"line":58,"column":30}},"loc":{"start":{"line":58,"column":30},"end":{"line":59,"column":null}},"line":58},"6":{"name":"(anonymous_6)","decl":{"start":{"line":63,"column":8},"end":{"line":63,"column":null}},"loc":{"start":{"line":64,"column":4},"end":{"line":123,"column":null}},"line":64},"7":{"name":"(anonymous_7)","decl":{"start":{"line":67,"column":6},"end":{"line":67,"column":20}},"loc":{"start":{"line":67,"column":26},"end":{"line":67,"column":55}},"line":67},"8":{"name":"(anonymous_8)","decl":{"start":{"line":69,"column":6},"end":{"line":69,"column":15}},"loc":{"start":{"line":69,"column":21},"end":{"line":69,"column":45}},"line":69},"9":{"name":"(anonymous_9)","decl":{"start":{"line":88,"column":12},"end":{"line":88,"column":22}},"loc":{"start":{"line":88,"column":28},"end":{"line":90,"column":null}},"line":88},"10":{"name":"(anonymous_10)","decl":{"start":{"line":126,"column":8},"end":{"line":126,"column":null}},"loc":{"start":{"line":127,"column":4},"end":{"line":155,"column":null}},"line":127},"11":{"name":"(anonymous_11)","decl":{"start":{"line":130,"column":6},"end":{"line":130,"column":20}},"loc":{"start":{"line":130,"column":26},"end":{"line":130,"column":57}},"line":130},"12":{"name":"(anonymous_12)","decl":{"start":{"line":132,"column":6},"end":{"line":132,"column":15}},"loc":{"start":{"line":132,"column":21},"end":{"line":132,"column":47}},"line":132},"13":{"name":"(anonymous_13)","decl":{"start":{"line":149,"column":48},"end":{"line":149,"column":53}},"loc":{"start":{"line":150,"column":10},"end":{"line":152,"column":null}},"line":150},"14":{"name":"(anonymous_14)","decl":{"start":{"line":158,"column":8},"end":{"line":158,"column":null}},"loc":{"start":{"line":159,"column":4},"end":{"line":206,"column":null}},"line":159},"15":{"name":"(anonymous_15)","decl":{"start":{"line":162,"column":6},"end":{"line":162,"column":20}},"loc":{"start":{"line":162,"column":26},"end":{"line":162,"column":54}},"line":162},"16":{"name":"(anonymous_16)","decl":{"start":{"line":164,"column":6},"end":{"line":164,"column":15}},"loc":{"start":{"line":164,"column":21},"end":{"line":164,"column":44}},"line":164},"17":{"name":"(anonymous_17)","decl":{"start":{"line":210,"column":8},"end":{"line":210,"column":31}},"loc":{"start":{"line":210,"column":31},"end":{"line":217,"column":null}},"line":210},"18":{"name":"(anonymous_18)","decl":{"start":{"line":217,"column":23},"end":{"line":217,"column":27}},"loc":{"start":{"line":217,"column":40},"end":{"line":217,"column":63}},"line":217},"19":{"name":"(anonymous_19)","decl":{"start":{"line":224,"column":8},"end":{"line":224,"column":22}},"loc":{"start":{"line":224,"column":22},"end":{"line":224,"column":64}},"line":224},"20":{"name":"(anonymous_20)","decl":{"start":{"line":226,"column":8},"end":{"line":226,"column":30}},"loc":{"start":{"line":226,"column":30},"end":{"line":226,"column":74}},"line":226},"21":{"name":"(anonymous_21)","decl":{"start":{"line":227,"column":8},"end":{"line":227,"column":29}},"loc":{"start":{"line":227,"column":29},"end":{"line":227,"column":73}},"line":227}},"branchMap":{"0":{"loc":{"start":{"line":20,"column":6},"end":{"line":21,"column":null}},"type":"if","locations":[{"start":{"line":20,"column":6},"end":{"line":21,"column":null}},{"start":{},"end":{}}],"line":20},"1":{"loc":{"start":{"line":42,"column":4},"end":{"line":52,"column":null}},"type":"if","locations":[{"start":{"line":42,"column":4},"end":{"line":52,"column":null}},{"start":{},"end":{}}],"line":42},"2":{"loc":{"start":{"line":42,"column":8},"end":{"line":42,"column":49}},"type":"binary-expr","locations":[{"start":{"line":42,"column":8},"end":{"line":42,"column":23}},{"start":{"line":42,"column":23},"end":{"line":42,"column":49}}],"line":42},"3":{"loc":{"start":{"line":72,"column":8},"end":{"line":72,"column":null}},"type":"cond-expr","locations":[{"start":{"line":72,"column":36},"end":{"line":72,"column":60}},{"start":{"line":72,"column":60},"end":{"line":72,"column":null}}],"line":72},"4":{"loc":{"start":{"line":73,"column":10},"end":{"line":73,"column":null}},"type":"cond-expr","locations":[{"start":{"line":73,"column":53},"end":{"line":73,"column":111}},{"start":{"line":73,"column":111},"end":{"line":73,"column":null}}],"line":73},"5":{"loc":{"start":{"line":73,"column":10},"end":{"line":73,"column":53}},"type":"binary-expr","locations":[{"start":{"line":73,"column":10},"end":{"line":73,"column":25}},{"start":{"line":73,"column":25},"end":{"line":73,"column":53}}],"line":73},"6":{"loc":{"start":{"line":75,"column":7},"end":{"line":77,"column":null}},"type":"binary-expr","locations":[{"start":{"line":75,"column":7},"end":{"line":75,"column":null}},{"start":{"line":76,"column":8},"end":{"line":77,"column":null}}],"line":75},"7":{"loc":{"start":{"line":82,"column":9},"end":{"line":101,"column":null}},"type":"cond-expr","locations":[{"start":{"line":83,"column":10},"end":{"line":93,"column":25}},{"start":{"line":93,"column":12},"end":{"line":101,"column":null}}],"line":82},"8":{"loc":{"start":{"line":82,"column":9},"end":{"line":82,"column":70}},"type":"binary-expr","locations":[{"start":{"line":82,"column":9},"end":{"line":82,"column":32}},{"start":{"line":82,"column":32},"end":{"line":82,"column":70}}],"line":82},"9":{"loc":{"start":{"line":93,"column":12},"end":{"line":101,"column":null}},"type":"cond-expr","locations":[{"start":{"line":94,"column":10},"end":{"line":101,"column":23}},{"start":{"line":101,"column":10},"end":{"line":101,"column":null}}],"line":93},"10":{"loc":{"start":{"line":93,"column":12},"end":{"line":93,"column":74}},"type":"binary-expr","locations":[{"start":{"line":93,"column":12},"end":{"line":93,"column":35}},{"start":{"line":93,"column":35},"end":{"line":93,"column":74}}],"line":93},"11":{"loc":{"start":{"line":101,"column":10},"end":{"line":101,"column":null}},"type":"binary-expr","locations":[{"start":{"line":101,"column":10},"end":{"line":101,"column":33}},{"start":{"line":101,"column":33},"end":{"line":101,"column":null}}],"line":101},"12":{"loc":{"start":{"line":116,"column":9},"end":{"line":119,"column":null}},"type":"binary-expr","locations":[{"start":{"line":116,"column":9},"end":{"line":116,"column":null}},{"start":{"line":117,"column":10},"end":{"line":119,"column":null}}],"line":116},"13":{"loc":{"start":{"line":135,"column":8},"end":{"line":135,"column":null}},"type":"cond-expr","locations":[{"start":{"line":135,"column":38},"end":{"line":135,"column":62}},{"start":{"line":135,"column":62},"end":{"line":135,"column":null}}],"line":135},"14":{"loc":{"start":{"line":136,"column":10},"end":{"line":136,"column":null}},"type":"cond-expr","locations":[{"start":{"line":136,"column":55},"end":{"line":136,"column":113}},{"start":{"line":136,"column":113},"end":{"line":136,"column":null}}],"line":136},"15":{"loc":{"start":{"line":136,"column":10},"end":{"line":136,"column":55}},"type":"binary-expr","locations":[{"start":{"line":136,"column":10},"end":{"line":136,"column":25}},{"start":{"line":136,"column":25},"end":{"line":136,"column":55}}],"line":136},"16":{"loc":{"start":{"line":138,"column":7},"end":{"line":140,"column":null}},"type":"binary-expr","locations":[{"start":{"line":138,"column":7},"end":{"line":138,"column":null}},{"start":{"line":139,"column":8},"end":{"line":140,"column":null}}],"line":138},"17":{"loc":{"start":{"line":149,"column":10},"end":{"line":149,"column":46}},"type":"binary-expr","locations":[{"start":{"line":149,"column":10},"end":{"line":149,"column":44}},{"start":{"line":149,"column":44},"end":{"line":149,"column":46}}],"line":149},"18":{"loc":{"start":{"line":167,"column":8},"end":{"line":167,"column":null}},"type":"cond-expr","locations":[{"start":{"line":167,"column":35},"end":{"line":167,"column":59}},{"start":{"line":167,"column":59},"end":{"line":167,"column":null}}],"line":167},"19":{"loc":{"start":{"line":168,"column":10},"end":{"line":168,"column":null}},"type":"cond-expr","locations":[{"start":{"line":168,"column":52},"end":{"line":168,"column":110}},{"start":{"line":168,"column":110},"end":{"line":168,"column":null}}],"line":168},"20":{"loc":{"start":{"line":168,"column":10},"end":{"line":168,"column":52}},"type":"binary-expr","locations":[{"start":{"line":168,"column":10},"end":{"line":168,"column":25}},{"start":{"line":168,"column":25},"end":{"line":168,"column":52}}],"line":168},"21":{"loc":{"start":{"line":170,"column":7},"end":{"line":172,"column":null}},"type":"binary-expr","locations":[{"start":{"line":170,"column":7},"end":{"line":170,"column":null}},{"start":{"line":171,"column":8},"end":{"line":172,"column":null}}],"line":170},"22":{"loc":{"start":{"line":181,"column":9},"end":{"line":184,"column":null}},"type":"binary-expr","locations":[{"start":{"line":181,"column":9},"end":{"line":181,"column":null}},{"start":{"line":182,"column":10},"end":{"line":184,"column":null}}],"line":181},"23":{"loc":{"start":{"line":187,"column":9},"end":{"line":190,"column":null}},"type":"binary-expr","locations":[{"start":{"line":187,"column":9},"end":{"line":187,"column":null}},{"start":{"line":188,"column":10},"end":{"line":190,"column":null}}],"line":187},"24":{"loc":{"start":{"line":193,"column":9},"end":{"line":196,"column":null}},"type":"binary-expr","locations":[{"start":{"line":193,"column":9},"end":{"line":193,"column":null}},{"start":{"line":194,"column":10},"end":{"line":196,"column":null}}],"line":193},"25":{"loc":{"start":{"line":199,"column":9},"end":{"line":202,"column":null}},"type":"binary-expr","locations":[{"start":{"line":199,"column":9},"end":{"line":199,"column":null}},{"start":{"line":200,"column":10},"end":{"line":202,"column":null}}],"line":199},"26":{"loc":{"start":{"line":224,"column":22},"end":{"line":224,"column":64}},"type":"binary-expr","locations":[{"start":{"line":224,"column":22},"end":{"line":224,"column":44}},{"start":{"line":224,"column":44},"end":{"line":224,"column":64}}],"line":224},"27":{"loc":{"start":{"line":226,"column":30},"end":{"line":226,"column":74}},"type":"binary-expr","locations":[{"start":{"line":226,"column":30},"end":{"line":226,"column":44}},{"start":{"line":226,"column":44},"end":{"line":226,"column":74}}],"line":226},"28":{"loc":{"start":{"line":227,"column":29},"end":{"line":227,"column":73}},"type":"binary-expr","locations":[{"start":{"line":227,"column":29},"end":{"line":227,"column":43}},{"start":{"line":227,"column":43},"end":{"line":227,"column":73}}],"line":227}},"s":{"0":1,"1":2,"2":2,"3":2,"4":2,"5":2,"6":2,"7":0,"8":0,"9":2,"10":0,"11":0,"12":2,"13":0,"14":0,"15":2,"16":0,"17":0,"18":0,"19":0,"20":0,"21":0,"22":0,"23":0,"24":0,"25":0,"26":2,"27":0,"28":2,"29":2,"30":0,"31":0,"32":0,"33":0,"34":2,"35":2,"36":0,"37":0,"38":0,"39":2,"40":2,"41":0,"42":0,"43":2,"44":2,"45":2,"46":6,"47":2,"48":0,"49":0,"50":0},"f":{"0":2,"1":2,"2":0,"3":0,"4":0,"5":0,"6":2,"7":0,"8":0,"9":0,"10":2,"11":0,"12":0,"13":0,"14":2,"15":0,"16":0,"17":2,"18":6,"19":0,"20":0,"21":0},"b":{"0":[0,2],"1":[0,0],"2":[0,0],"3":[0,2],"4":[0,2],"5":[2,0],"6":[2,0],"7":[0,2],"8":[2,2],"9":[0,2],"10":[2,2],"11":[2,0],"12":[2,0],"13":[0,2],"14":[0,2],"15":[2,0],"16":[2,0],"17":[2,2],"18":[0,2],"19":[0,2],"20":[2,0],"21":[2,0],"22":[2,0],"23":[2,0],"24":[2,0],"25":[2,0],"26":[0,0],"27":[0,0],"28":[0,0]},"meta":{"lastBranch":29,"lastFunction":22,"lastStatement":51,"seen":{"s:11:6:232:Infinity":0,"f:11:6:11:41":0,"s:13:22:13:84":1,"s:14:22:14:54":2,"s:17:2:26:Infinity":3,"f:17:2:17:18":1,"s:18:4:24:Infinity":4,"s:19:27:19:75":5,"b:20:6:21:Infinity:undefined:undefined:undefined:undefined":0,"s:20:6:21:Infinity":6,"s:21:8:21:Infinity":7,"s:24:6:24:Infinity":8,"s:29:8:31:Infinity":9,"f:29:8:29:27":2,"s:30:4:30:Infinity":10,"s:31:4:31:Infinity":11,"s:34:8:36:Infinity":12,"f:34:8:34:26":3,"s:35:4:35:Infinity":13,"s:36:4:36:Infinity":14,"s:39:8:55:Infinity":15,"f:39:8:39:22":4,"s:40:4:40:Infinity":16,"b:42:4:52:Infinity:undefined:undefined:undefined:undefined":1,"s:42:4:52:Infinity":17,"b:42:8:42:23:42:23:42:49":2,"s:43:23:43:39":18,"s:44:27:44:56":19,"s:45:26:45:52":20,"s:48:6:48:Infinity":21,"s:49:6:49:Infinity":22,"s:51:6:51:Infinity":23,"s:52:6:52:Infinity":24,"s:55:4:55:Infinity":25,"s:58:8:59:Infinity":26,"f:58:8:58:30":5,"s:59:4:59:Infinity":27,"s:63:8:123:Infinity":28,"f:63:8:63:Infinity":6,"s:64:4:123:Infinity":29,"f:67:6:67:20":7,"s:67:26:67:55":30,"f:69:6:69:15":8,"s:69:21:69:45":31,"b:72:36:72:60:72:60:72:Infinity":3,"b:73:53:73:111:73:111:73:Infinity":4,"b:73:10:73:25:73:25:73:53":5,"b:75:7:75:Infinity:76:8:77:Infinity":6,"b:83:10:93:25:93:12:101:Infinity":7,"b:82:9:82:32:82:32:82:70":8,"f:88:12:88:22":9,"s:89:14:89:Infinity":32,"s:90:14:90:Infinity":33,"b:94:10:101:23:101:10:101:Infinity":9,"b:93:12:93:35:93:35:93:74":10,"b:101:10:101:33:101:33:101:Infinity":11,"b:116:9:116:Infinity:117:10:119:Infinity":12,"s:126:8:155:Infinity":34,"f:126:8:126:Infinity":10,"s:127:4:155:Infinity":35,"f:130:6:130:20":11,"s:130:26:130:57":36,"f:132:6:132:15":12,"s:132:21:132:47":37,"b:135:38:135:62:135:62:135:Infinity":13,"b:136:55:136:113:136:113:136:Infinity":14,"b:136:10:136:25:136:25:136:55":15,"b:138:7:138:Infinity:139:8:140:Infinity":16,"b:149:10:149:44:149:44:149:46":17,"f:149:48:149:53":13,"s:150:10:152:Infinity":38,"s:158:8:206:Infinity":39,"f:158:8:158:Infinity":14,"s:159:4:206:Infinity":40,"f:162:6:162:20":15,"s:162:26:162:54":41,"f:164:6:164:15":16,"s:164:21:164:44":42,"b:167:35:167:59:167:59:167:Infinity":18,"b:168:52:168:110:168:110:168:Infinity":19,"b:168:10:168:25:168:25:168:52":20,"b:170:7:170:Infinity:171:8:172:Infinity":21,"b:181:9:181:Infinity:182:10:184:Infinity":22,"b:187:9:187:Infinity:188:10:190:Infinity":23,"b:193:9:193:Infinity:194:10:196:Infinity":24,"b:199:9:199:Infinity:200:10:202:Infinity":25,"s:210:8:217:Infinity":43,"f:210:8:210:31":17,"s:211:23:215:Infinity":44,"s:217:4:217:Infinity":45,"f:217:23:217:27":18,"s:217:40:217:63":46,"s:220:2:232:Infinity":47,"f:224:8:224:22":19,"s:224:22:224:64":48,"b:224:22:224:44:224:44:224:64":26,"f:226:8:226:30":20,"s:226:30:226:74":49,"b:226:30:226:44:226:44:226:74":27,"f:227:8:227:29":21,"s:227:29:227:73":50,"b:227:29:227:43:227:43:227:73":28}}}
,"/Users/ranpin/code/ranpin.github.io/src/data/content.js": {"path":"/Users/ranpin/code/ranpin.github.io/src/data/content.js","statementMap":{"0":{"start":{"line":4,"column":28},"end":{"line":21,"column":null}},"1":{"start":{"line":23,"column":26},"end":{"line":36,"column":null}},"2":{"start":{"line":38,"column":24},"end":{"line":318,"column":null}},"3":{"start":{"line":320,"column":28},"end":{"line":320,"column":30}},"4":{"start":{"line":322,"column":27},"end":{"line":359,"column":null}},"5":{"start":{"line":362,"column":22},"end":{"line":366,"column":null}},"6":{"start":{"line":368,"column":29},"end":{"line":419,"column":null}},"7":{"start":{"line":421,"column":32},"end":{"line":472,"column":null}},"8":{"start":{"line":475,"column":21},"end":{"line":480,"column":null}}},"fnMap":{},"branchMap":{},"s":{"0":3,"1":3,"2":3,"3":3,"4":3,"5":3,"6":3,"7":3,"8":3},"f":{},"b":{},"meta":{"lastBranch":0,"lastFunction":0,"lastStatement":9,"seen":{"s:4:28:21:Infinity":0,"s:23:26:36:Infinity":1,"s:38:24:318:Infinity":2,"s:320:28:320:30":3,"s:322:27:359:Infinity":4,"s:362:22:366:Infinity":5,"s:368:29:419:Infinity":6,"s:421:32:472:Infinity":7,"s:475:21:480:Infinity":8}}}
,"/Users/ranpin/code/ranpin.github.io/src/hooks/usePortfolioStore.js": {"path":"/Users/ranpin/code/ranpin.github.io/src/hooks/usePortfolioStore.js","statementMap":{"0":{"start":{"line":15,"column":6},"end":{"line":57,"column":null}},"1":{"start":{"line":16,"column":2},"end":{"line":16,"column":null}},"2":{"start":{"line":16,"column":13},"end":{"line":16,"column":null}},"3":{"start":{"line":18,"column":2},"end":{"line":36,"column":null}},"4":{"start":{"line":19,"column":4},"end":{"line":36,"column":null}},"5":{"start":{"line":19,"column":48},"end":{"line":36,"column":7}},"6":{"start":{"line":39,"column":2},"end":{"line":44,"column":null}},"7":{"start":{"line":40,"column":4},"end":{"line":44,"column":null}},"8":{"start":{"line":40,"column":48},"end":{"line":44,"column":7}},"9":{"start":{"line":47,"column":2},"end":{"line":54,"column":null}},"10":{"start":{"line":48,"column":4},"end":{"line":54,"column":null}},"11":{"start":{"line":57,"column":2},"end":{"line":57,"column":null}},"12":{"start":{"line":61,"column":13},"end":{"line":249,"column":null}},"13":{"start":{"line":63,"column":19},"end":{"line":225,"column":null}},"14":{"start":{"line":109,"column":33},"end":{"line":109,"column":90}},"15":{"start":{"line":110,"column":31},"end":{"line":110,"column":56}},"16":{"start":{"line":111,"column":29},"end":{"line":111,"column":77}},"17":{"start":{"line":112,"column":33},"end":{"line":112,"column":60}},"18":{"start":{"line":113,"column":32},"end":{"line":113,"column":86}},"19":{"start":{"line":114,"column":27},"end":{"line":114,"column":48}},"20":{"start":{"line":115,"column":34},"end":{"line":115,"column":62}},"21":{"start":{"line":116,"column":37},"end":{"line":116,"column":68}},"22":{"start":{"line":119,"column":37},"end":{"line":119,"column":68}},"23":{"start":{"line":120,"column":41},"end":{"line":120,"column":76}},"24":{"start":{"line":121,"column":39},"end":{"line":121,"column":72}},"25":{"start":{"line":122,"column":36},"end":{"line":122,"column":66}},"26":{"start":{"line":123,"column":36},"end":{"line":123,"column":66}},"27":{"start":{"line":124,"column":33},"end":{"line":124,"column":60}},"28":{"start":{"line":125,"column":37},"end":{"line":125,"column":68}},"29":{"start":{"line":128,"column":32},"end":{"line":128,"column":58}},"30":{"start":{"line":131,"column":37},"end":{"line":131,"column":68}},"31":{"start":{"line":134,"column":47},"end":{"line":136,"column":8}},"32":{"start":{"line":137,"column":31},"end":{"line":139,"column":9}},"33":{"start":{"line":137,"column":47},"end":{"line":138,"column":null}},"34":{"start":{"line":142,"column":46},"end":{"line":144,"column":8}},"35":{"start":{"line":145,"column":29},"end":{"line":147,"column":9}},"36":{"start":{"line":145,"column":45},"end":{"line":146,"column":null}},"37":{"start":{"line":150,"column":32},"end":{"line":153,"column":9}},"38":{"start":{"line":150,"column":48},"end":{"line":153,"column":9}},"39":{"start":{"line":154,"column":31},"end":{"line":154,"column":78}},"40":{"start":{"line":155,"column":27},"end":{"line":155,"column":56}},"41":{"start":{"line":158,"column":23},"end":{"line":165,"column":null}},"42":{"start":{"line":159,"column":23},"end":{"line":159,"column":null}},"43":{"start":{"line":160,"column":8},"end":{"line":164,"column":null}},"44":{"start":{"line":166,"column":26},"end":{"line":175,"column":null}},"45":{"start":{"line":167,"column":25},"end":{"line":167,"column":68}},"46":{"start":{"line":167,"column":58},"end":{"line":167,"column":68}},"47":{"start":{"line":168,"column":28},"end":{"line":170,"column":null}},"48":{"start":{"line":171,"column":8},"end":{"line":174,"column":null}},"49":{"start":{"line":178,"column":44},"end":{"line":184,"column":null}},"50":{"start":{"line":179,"column":22},"end":{"line":179,"column":null}},"51":{"start":{"line":180,"column":8},"end":{"line":180,"column":null}},"52":{"start":{"line":180,"column":35},"end":{"line":180,"column":null}},"53":{"start":{"line":181,"column":8},"end":{"line":183,"column":null}},"54":{"start":{"line":182,"column":42},"end":{"line":182,"column":87}},"55":{"start":{"line":186,"column":38},"end":{"line":192,"column":null}},"56":{"start":{"line":187,"column":22},"end":{"line":187,"column":null}},"57":{"start":{"line":188,"column":8},"end":{"line":188,"column":null}},"58":{"start":{"line":188,"column":35},"end":{"line":188,"column":null}},"59":{"start":{"line":189,"column":8},"end":{"line":191,"column":null}},"60":{"start":{"line":190,"column":45},"end":{"line":190,"column":60}},"61":{"start":{"line":194,"column":40},"end":{"line":200,"column":null}},"62":{"start":{"line":195,"column":22},"end":{"line":195,"column":null}},"63":{"start":{"line":196,"column":8},"end":{"line":196,"column":null}},"64":{"start":{"line":196,"column":35},"end":{"line":196,"column":null}},"65":{"start":{"line":197,"column":8},"end":{"line":199,"column":null}},"66":{"start":{"line":203,"column":49},"end":{"line":209,"column":null}},"67":{"start":{"line":204,"column":22},"end":{"line":204,"column":null}},"68":{"start":{"line":205,"column":8},"end":{"line":205,"column":null}},"69":{"start":{"line":205,"column":73},"end":{"line":205,"column":null}},"70":{"start":{"line":206,"column":25},"end":{"line":206,"column":35}},"71":{"start":{"line":207,"column":8},"end":{"line":207,"column":null}},"72":{"start":{"line":208,"column":8},"end":{"line":208,"column":null}},"73":{"start":{"line":211,"column":43},"end":{"line":216,"column":null}},"74":{"start":{"line":212,"column":22},"end":{"line":212,"column":null}},"75":{"start":{"line":213,"column":8},"end":{"line":213,"column":null}},"76":{"start":{"line":213,"column":73},"end":{"line":213,"column":null}},"77":{"start":{"line":214,"column":25},"end":{"line":214,"column":60}},"78":{"start":{"line":214,"column":48},"end":{"line":214,"column":60}},"79":{"start":{"line":215,"column":8},"end":{"line":215,"column":null}},"80":{"start":{"line":218,"column":49},"end":{"line":223,"column":null}},"81":{"start":{"line":219,"column":22},"end":{"line":219,"column":null}},"82":{"start":{"line":220,"column":8},"end":{"line":220,"column":null}},"83":{"start":{"line":220,"column":35},"end":{"line":220,"column":null}},"84":{"start":{"line":221,"column":25},"end":{"line":221,"column":35}},"85":{"start":{"line":222,"column":8},"end":{"line":222,"column":null}},"86":{"start":{"line":223,"column":8},"end":{"line":223,"column":null}},"87":{"start":{"line":228,"column":30},"end":{"line":242,"column":null}},"88":{"start":{"line":246,"column":8},"end":{"line":246,"column":null}}},"fnMap":{"0":{"name":"(anonymous_0)","decl":{"start":{"line":15,"column":6},"end":{"line":15,"column":22}},"loc":{"start":{"line":15,"column":37},"end":{"line":57,"column":null}},"line":15},"1":{"name":"(anonymous_1)","decl":{"start":{"line":19,"column":38},"end":{"line":19,"column":42}},"loc":{"start":{"line":19,"column":48},"end":{"line":36,"column":7}},"line":19},"2":{"name":"(anonymous_2)","decl":{"start":{"line":40,"column":38},"end":{"line":40,"column":42}},"loc":{"start":{"line":40,"column":48},"end":{"line":44,"column":7}},"line":40},"3":{"name":"(anonymous_3)","decl":{"start":{"line":62,"column":2},"end":{"line":62,"column":null}},"loc":{"start":{"line":63,"column":19},"end":{"line":225,"column":null}},"line":63},"4":{"name":"(anonymous_4)","decl":{"start":{"line":109,"column":6},"end":{"line":109,"column":24}},"loc":{"start":{"line":109,"column":33},"end":{"line":109,"column":90}},"line":109},"5":{"name":"(anonymous_5)","decl":{"start":{"line":110,"column":6},"end":{"line":110,"column":22}},"loc":{"start":{"line":110,"column":31},"end":{"line":110,"column":56}},"line":110},"6":{"name":"(anonymous_6)","decl":{"start":{"line":111,"column":6},"end":{"line":111,"column":20}},"loc":{"start":{"line":111,"column":29},"end":{"line":111,"column":77}},"line":111},"7":{"name":"(anonymous_7)","decl":{"start":{"line":112,"column":6},"end":{"line":112,"column":24}},"loc":{"start":{"line":112,"column":33},"end":{"line":112,"column":60}},"line":112},"8":{"name":"(anonymous_8)","decl":{"start":{"line":113,"column":6},"end":{"line":113,"column":23}},"loc":{"start":{"line":113,"column":32},"end":{"line":113,"column":86}},"line":113},"9":{"name":"(anonymous_9)","decl":{"start":{"line":114,"column":6},"end":{"line":114,"column":18}},"loc":{"start":{"line":114,"column":27},"end":{"line":114,"column":48}},"line":114},"10":{"name":"(anonymous_10)","decl":{"start":{"line":115,"column":6},"end":{"line":115,"column":25}},"loc":{"start":{"line":115,"column":34},"end":{"line":115,"column":62}},"line":115},"11":{"name":"(anonymous_11)","decl":{"start":{"line":116,"column":6},"end":{"line":116,"column":28}},"loc":{"start":{"line":116,"column":37},"end":{"line":116,"column":68}},"line":116},"12":{"name":"(anonymous_12)","decl":{"start":{"line":119,"column":6},"end":{"line":119,"column":25}},"loc":{"start":{"line":119,"column":37},"end":{"line":119,"column":68}},"line":119},"13":{"name":"(anonymous_13)","decl":{"start":{"line":120,"column":6},"end":{"line":120,"column":28}},"loc":{"start":{"line":120,"column":41},"end":{"line":120,"column":76}},"line":120},"14":{"name":"(anonymous_14)","decl":{"start":{"line":121,"column":6},"end":{"line":121,"column":26}},"loc":{"start":{"line":121,"column":39},"end":{"line":121,"column":72}},"line":121},"15":{"name":"(anonymous_15)","decl":{"start":{"line":122,"column":6},"end":{"line":122,"column":26}},"loc":{"start":{"line":122,"column":36},"end":{"line":122,"column":66}},"line":122},"16":{"name":"(anonymous_16)","decl":{"start":{"line":123,"column":6},"end":{"line":123,"column":26}},"loc":{"start":{"line":123,"column":36},"end":{"line":123,"column":66}},"line":123},"17":{"name":"(anonymous_17)","decl":{"start":{"line":124,"column":6},"end":{"line":124,"column":24}},"loc":{"start":{"line":124,"column":33},"end":{"line":124,"column":60}},"line":124},"18":{"name":"(anonymous_18)","decl":{"start":{"line":125,"column":6},"end":{"line":125,"column":26}},"loc":{"start":{"line":125,"column":37},"end":{"line":125,"column":68}},"line":125},"19":{"name":"(anonymous_19)","decl":{"start":{"line":128,"column":6},"end":{"line":128,"column":23}},"loc":{"start":{"line":128,"column":32},"end":{"line":128,"column":58}},"line":128},"20":{"name":"(anonymous_20)","decl":{"start":{"line":131,"column":6},"end":{"line":131,"column":25}},"loc":{"start":{"line":131,"column":37},"end":{"line":131,"column":68}},"line":131},"21":{"name":"(anonymous_21)","decl":{"start":{"line":134,"column":6},"end":{"line":134,"column":25}},"loc":{"start":{"line":134,"column":47},"end":{"line":136,"column":8}},"line":134},"22":{"name":"(anonymous_22)","decl":{"start":{"line":137,"column":6},"end":{"line":137,"column":31}},"loc":{"start":{"line":137,"column":31},"end":{"line":139,"column":9}},"line":137},"23":{"name":"(anonymous_23)","decl":{"start":{"line":137,"column":31},"end":{"line":137,"column":36}},"loc":{"start":{"line":137,"column":47},"end":{"line":138,"column":null}},"line":137},"24":{"name":"(anonymous_24)","decl":{"start":{"line":142,"column":6},"end":{"line":142,"column":23}},"loc":{"start":{"line":142,"column":46},"end":{"line":144,"column":8}},"line":142},"25":{"name":"(anonymous_25)","decl":{"start":{"line":145,"column":6},"end":{"line":145,"column":29}},"loc":{"start":{"line":145,"column":29},"end":{"line":147,"column":9}},"line":145},"26":{"name":"(anonymous_26)","decl":{"start":{"line":145,"column":29},"end":{"line":145,"column":34}},"loc":{"start":{"line":145,"column":45},"end":{"line":146,"column":null}},"line":145},"27":{"name":"(anonymous_27)","decl":{"start":{"line":150,"column":6},"end":{"line":150,"column":23}},"loc":{"start":{"line":150,"column":32},"end":{"line":153,"column":9}},"line":150},"28":{"name":"(anonymous_28)","decl":{"start":{"line":150,"column":32},"end":{"line":150,"column":37}},"loc":{"start":{"line":150,"column":48},"end":{"line":153,"column":9}},"line":150},"29":{"name":"(anonymous_29)","decl":{"start":{"line":154,"column":6},"end":{"line":154,"column":31}},"loc":{"start":{"line":154,"column":31},"end":{"line":154,"column":78}},"line":154},"30":{"name":"(anonymous_30)","decl":{"start":{"line":155,"column":6},"end":{"line":155,"column":27}},"loc":{"start":{"line":155,"column":27},"end":{"line":155,"column":56}},"line":155},"31":{"name":"(anonymous_31)","decl":{"start":{"line":158,"column":6},"end":{"line":158,"column":23}},"loc":{"start":{"line":158,"column":23},"end":{"line":165,"column":null}},"line":158},"32":{"name":"(anonymous_32)","decl":{"start":{"line":158,"column":23},"end":{"line":158,"column":28}},"loc":{"start":{"line":158,"column":38},"end":{"line":165,"column":null}},"line":158},"33":{"name":"(anonymous_33)","decl":{"start":{"line":166,"column":6},"end":{"line":166,"column":18}},"loc":{"start":{"line":166,"column":26},"end":{"line":175,"column":null}},"line":166},"34":{"name":"(anonymous_34)","decl":{"start":{"line":166,"column":26},"end":{"line":166,"column":31}},"loc":{"start":{"line":166,"column":41},"end":{"line":175,"column":null}},"line":166},"35":{"name":"(anonymous_35)","decl":{"start":{"line":167,"column":46},"end":{"line":167,"column":53}},"loc":{"start":{"line":167,"column":58},"end":{"line":167,"column":68}},"line":167},"36":{"name":"(anonymous_36)","decl":{"start":{"line":178,"column":6},"end":{"line":178,"column":19}},"loc":{"start":{"line":178,"column":44},"end":{"line":184,"column":null}},"line":178},"37":{"name":"(anonymous_37)","decl":{"start":{"line":178,"column":44},"end":{"line":178,"column":49}},"loc":{"start":{"line":178,"column":59},"end":{"line":184,"column":null}},"line":178},"38":{"name":"(anonymous_38)","decl":{"start":{"line":182,"column":30},"end":{"line":182,"column":34}},"loc":{"start":{"line":182,"column":42},"end":{"line":182,"column":87}},"line":182},"39":{"name":"(anonymous_39)","decl":{"start":{"line":186,"column":6},"end":{"line":186,"column":19}},"loc":{"start":{"line":186,"column":38},"end":{"line":192,"column":null}},"line":186},"40":{"name":"(anonymous_40)","decl":{"start":{"line":186,"column":38},"end":{"line":186,"column":43}},"loc":{"start":{"line":186,"column":53},"end":{"line":192,"column":null}},"line":186},"41":{"name":"(anonymous_41)","decl":{"start":{"line":190,"column":30},"end":{"line":190,"column":37}},"loc":{"start":{"line":190,"column":45},"end":{"line":190,"column":60}},"line":190},"42":{"name":"(anonymous_42)","decl":{"start":{"line":194,"column":6},"end":{"line":194,"column":16}},"loc":{"start":{"line":194,"column":40},"end":{"line":200,"column":null}},"line":194},"43":{"name":"(anonymous_43)","decl":{"start":{"line":194,"column":40},"end":{"line":194,"column":45}},"loc":{"start":{"line":194,"column":55},"end":{"line":200,"column":null}},"line":194},"44":{"name":"(anonymous_44)","decl":{"start":{"line":203,"column":6},"end":{"line":203,"column":21}},"loc":{"start":{"line":203,"column":49},"end":{"line":209,"column":null}},"line":203},"45":{"name":"(anonymous_45)","decl":{"start":{"line":203,"column":49},"end":{"line":203,"column":54}},"loc":{"start":{"line":203,"column":64},"end":{"line":209,"column":null}},"line":203},"46":{"name":"(anonymous_46)","decl":{"start":{"line":211,"column":6},"end":{"line":211,"column":21}},"loc":{"start":{"line":211,"column":43},"end":{"line":216,"column":null}},"line":211},"47":{"name":"(anonymous_47)","decl":{"start":{"line":211,"column":43},"end":{"line":211,"column":48}},"loc":{"start":{"line":211,"column":58},"end":{"line":216,"column":null}},"line":211},"48":{"name":"(anonymous_48)","decl":{"start":{"line":214,"column":31},"end":{"line":214,"column":39}},"loc":{"start":{"line":214,"column":48},"end":{"line":214,"column":60}},"line":214},"49":{"name":"(anonymous_49)","decl":{"start":{"line":218,"column":6},"end":{"line":218,"column":18}},"loc":{"start":{"line":218,"column":49},"end":{"line":223,"column":null}},"line":218},"50":{"name":"(anonymous_50)","decl":{"start":{"line":218,"column":49},"end":{"line":218,"column":54}},"loc":{"start":{"line":218,"column":64},"end":{"line":223,"column":null}},"line":218},"51":{"name":"(anonymous_51)","decl":{"start":{"line":228,"column":6},"end":{"line":228,"column":19}},"loc":{"start":{"line":228,"column":30},"end":{"line":242,"column":null}},"line":228},"52":{"name":"(anonymous_52)","decl":{"start":{"line":244,"column":6},"end":{"line":244,"column":16}},"loc":{"start":{"line":244,"column":44},"end":{"line":246,"column":null}},"line":244}},"branchMap":{"0":{"loc":{"start":{"line":16,"column":2},"end":{"line":16,"column":null}},"type":"if","locations":[{"start":{"line":16,"column":2},"end":{"line":16,"column":null}},{"start":{},"end":{}}],"line":16},"1":{"loc":{"start":{"line":18,"column":2},"end":{"line":36,"column":null}},"type":"if","locations":[{"start":{"line":18,"column":2},"end":{"line":36,"column":null}},{"start":{},"end":{}}],"line":18},"2":{"loc":{"start":{"line":19,"column":11},"end":{"line":36,"column":null}},"type":"cond-expr","locations":[{"start":{"line":19,"column":33},"end":{"line":36,"column":7}},{"start":{"line":36,"column":10},"end":{"line":36,"column":null}}],"line":19},"3":{"loc":{"start":{"line":21,"column":12},"end":{"line":21,"column":24}},"type":"binary-expr","locations":[{"start":{"line":21,"column":12},"end":{"line":21,"column":22}},{"start":{"line":21,"column":22},"end":{"line":21,"column":24}}],"line":21},"4":{"loc":{"start":{"line":22,"column":23},"end":{"line":22,"column":null}},"type":"binary-expr","locations":[{"start":{"line":22,"column":23},"end":{"line":22,"column":44}},{"start":{"line":22,"column":44},"end":{"line":22,"column":null}}],"line":22},"5":{"loc":{"start":{"line":23,"column":16},"end":{"line":23,"column":null}},"type":"binary-expr","locations":[{"start":{"line":23,"column":16},"end":{"line":23,"column":30}},{"start":{"line":23,"column":30},"end":{"line":23,"column":null}}],"line":23},"6":{"loc":{"start":{"line":24,"column":26},"end":{"line":24,"column":null}},"type":"binary-expr","locations":[{"start":{"line":24,"column":26},"end":{"line":24,"column":50}},{"start":{"line":24,"column":50},"end":{"line":24,"column":null}}],"line":24},"7":{"loc":{"start":{"line":25,"column":27},"end":{"line":25,"column":54}},"type":"binary-expr","locations":[{"start":{"line":25,"column":27},"end":{"line":25,"column":52}},{"start":{"line":25,"column":52},"end":{"line":25,"column":54}}],"line":25},"8":{"loc":{"start":{"line":26,"column":15},"end":{"line":26,"column":30}},"type":"binary-expr","locations":[{"start":{"line":26,"column":15},"end":{"line":26,"column":28}},{"start":{"line":26,"column":28},"end":{"line":26,"column":30}}],"line":26},"9":{"loc":{"start":{"line":27,"column":20},"end":{"line":27,"column":40}},"type":"binary-expr","locations":[{"start":{"line":27,"column":20},"end":{"line":27,"column":38}},{"start":{"line":27,"column":38},"end":{"line":27,"column":40}}],"line":27},"10":{"loc":{"start":{"line":28,"column":27},"end":{"line":28,"column":54}},"type":"binary-expr","locations":[{"start":{"line":28,"column":27},"end":{"line":28,"column":52}},{"start":{"line":28,"column":52},"end":{"line":28,"column":54}}],"line":28},"11":{"loc":{"start":{"line":29,"column":24},"end":{"line":29,"column":48}},"type":"binary-expr","locations":[{"start":{"line":29,"column":24},"end":{"line":29,"column":46}},{"start":{"line":29,"column":46},"end":{"line":29,"column":48}}],"line":29},"12":{"loc":{"start":{"line":30,"column":17},"end":{"line":30,"column":null}},"type":"binary-expr","locations":[{"start":{"line":30,"column":17},"end":{"line":30,"column":32}},{"start":{"line":30,"column":32},"end":{"line":30,"column":null}}],"line":30},"13":{"loc":{"start":{"line":31,"column":25},"end":{"line":31,"column":null}},"type":"binary-expr","locations":[{"start":{"line":31,"column":25},"end":{"line":31,"column":48}},{"start":{"line":31,"column":48},"end":{"line":31,"column":null}}],"line":31},"14":{"loc":{"start":{"line":32,"column":17},"end":{"line":32,"column":null}},"type":"binary-expr","locations":[{"start":{"line":32,"column":17},"end":{"line":32,"column":32}},{"start":{"line":32,"column":32},"end":{"line":32,"column":null}}],"line":32},"15":{"loc":{"start":{"line":33,"column":19},"end":{"line":33,"column":null}},"type":"binary-expr","locations":[{"start":{"line":33,"column":19},"end":{"line":33,"column":36}},{"start":{"line":33,"column":36},"end":{"line":33,"column":null}}],"line":33},"16":{"loc":{"start":{"line":34,"column":17},"end":{"line":34,"column":null}},"type":"binary-expr","locations":[{"start":{"line":34,"column":17},"end":{"line":34,"column":32}},{"start":{"line":34,"column":32},"end":{"line":34,"column":null}}],"line":34},"17":{"loc":{"start":{"line":35,"column":15},"end":{"line":35,"column":null}},"type":"binary-expr","locations":[{"start":{"line":35,"column":15},"end":{"line":35,"column":28}},{"start":{"line":35,"column":28},"end":{"line":35,"column":null}}],"line":35},"18":{"loc":{"start":{"line":39,"column":2},"end":{"line":44,"column":null}},"type":"if","locations":[{"start":{"line":39,"column":2},"end":{"line":44,"column":null}},{"start":{},"end":{}}],"line":39},"19":{"loc":{"start":{"line":40,"column":11},"end":{"line":44,"column":null}},"type":"cond-expr","locations":[{"start":{"line":40,"column":33},"end":{"line":44,"column":7}},{"start":{"line":44,"column":10},"end":{"line":44,"column":null}}],"line":40},"20":{"loc":{"start":{"line":42,"column":21},"end":{"line":42,"column":42}},"type":"binary-expr","locations":[{"start":{"line":42,"column":21},"end":{"line":42,"column":40}},{"start":{"line":42,"column":40},"end":{"line":42,"column":42}}],"line":42},"21":{"loc":{"start":{"line":43,"column":14},"end":{"line":43,"column":null}},"type":"binary-expr","locations":[{"start":{"line":43,"column":14},"end":{"line":43,"column":26}},{"start":{"line":43,"column":26},"end":{"line":43,"column":null}}],"line":43},"22":{"loc":{"start":{"line":47,"column":2},"end":{"line":54,"column":null}},"type":"if","locations":[{"start":{"line":47,"column":2},"end":{"line":54,"column":null}},{"start":{},"end":{}}],"line":47},"23":{"loc":{"start":{"line":51,"column":14},"end":{"line":51,"column":null}},"type":"binary-expr","locations":[{"start":{"line":51,"column":14},"end":{"line":51,"column":32}},{"start":{"line":51,"column":32},"end":{"line":51,"column":null}}],"line":51},"24":{"loc":{"start":{"line":52,"column":16},"end":{"line":52,"column":null}},"type":"binary-expr","locations":[{"start":{"line":52,"column":16},"end":{"line":52,"column":36}},{"start":{"line":52,"column":36},"end":{"line":52,"column":null}}],"line":52},"25":{"loc":{"start":{"line":168,"column":28},"end":{"line":170,"column":null}},"type":"cond-expr","locations":[{"start":{"line":169,"column":12},"end":{"line":169,"column":null}},{"start":{"line":170,"column":12},"end":{"line":170,"column":null}}],"line":168},"26":{"loc":{"start":{"line":168,"column":28},"end":{"line":168,"column":null}},"type":"binary-expr","locations":[{"start":{"line":168,"column":28},"end":{"line":168,"column":60}},{"start":{"line":168,"column":60},"end":{"line":168,"column":null}}],"line":168},"27":{"loc":{"start":{"line":180,"column":8},"end":{"line":180,"column":null}},"type":"if","locations":[{"start":{"line":180,"column":8},"end":{"line":180,"column":null}},{"start":{},"end":{}}],"line":180},"28":{"loc":{"start":{"line":182,"column":42},"end":{"line":182,"column":87}},"type":"cond-expr","locations":[{"start":{"line":182,"column":59},"end":{"line":182,"column":82}},{"start":{"line":182,"column":82},"end":{"line":182,"column":87}}],"line":182},"29":{"loc":{"start":{"line":188,"column":8},"end":{"line":188,"column":null}},"type":"if","locations":[{"start":{"line":188,"column":8},"end":{"line":188,"column":null}},{"start":{},"end":{}}],"line":188},"30":{"loc":{"start":{"line":196,"column":8},"end":{"line":196,"column":null}},"type":"if","locations":[{"start":{"line":196,"column":8},"end":{"line":196,"column":null}},{"start":{},"end":{}}],"line":196},"31":{"loc":{"start":{"line":205,"column":8},"end":{"line":205,"column":null}},"type":"if","locations":[{"start":{"line":205,"column":8},"end":{"line":205,"column":null}},{"start":{},"end":{}}],"line":205},"32":{"loc":{"start":{"line":205,"column":12},"end":{"line":205,"column":73}},"type":"binary-expr","locations":[{"start":{"line":205,"column":12},"end":{"line":205,"column":33}},{"start":{"line":205,"column":37},"end":{"line":205,"column":50}},{"start":{"line":205,"column":50},"end":{"line":205,"column":73}}],"line":205},"33":{"loc":{"start":{"line":213,"column":8},"end":{"line":213,"column":null}},"type":"if","locations":[{"start":{"line":213,"column":8},"end":{"line":213,"column":null}},{"start":{},"end":{}}],"line":213},"34":{"loc":{"start":{"line":213,"column":12},"end":{"line":213,"column":73}},"type":"binary-expr","locations":[{"start":{"line":213,"column":12},"end":{"line":213,"column":33}},{"start":{"line":213,"column":37},"end":{"line":213,"column":50}},{"start":{"line":213,"column":50},"end":{"line":213,"column":73}}],"line":213},"35":{"loc":{"start":{"line":220,"column":8},"end":{"line":220,"column":null}},"type":"if","locations":[{"start":{"line":220,"column":8},"end":{"line":220,"column":null}},{"start":{},"end":{}}],"line":220}},"s":{"0":2,"1":6,"2":0,"3":6,"4":2,"5":10,"6":4,"7":2,"8":2,"9":2,"10":2,"11":0,"12":2,"13":2,"14":0,"15":0,"16":0,"17":0,"18":0,"19":0,"20":0,"21":0,"22":1,"23":0,"24":0,"25":1,"26":1,"27":0,"28":0,"29":0,"30":0,"31":0,"32":0,"33":0,"34":0,"35":0,"36":0,"37":0,"38":0,"39":0,"40":0,"41":0,"42":0,"43":0,"44":0,"45":0,"46":0,"47":0,"48":0,"49":0,"50":0,"51":0,"52":0,"53":0,"54":0,"55":0,"56":0,"57":0,"58":0,"59":0,"60":0,"61":0,"62":0,"63":0,"64":0,"65":0,"66":0,"67":0,"68":0,"69":0,"70":0,"71":0,"72":0,"73":0,"74":0,"75":0,"76":0,"77":0,"78":0,"79":0,"80":0,"81":0,"82":0,"83":0,"84":0,"85":0,"86":0,"87":3,"88":0},"f":{"0":6,"1":10,"2":2,"3":2,"4":0,"5":0,"6":0,"7":0,"8":0,"9":0,"10":0,"11":0,"12":1,"13":0,"14":0,"15":1,"16":1,"17":0,"18":0,"19":0,"20":0,"21":0,"22":0,"23":0,"24":0,"25":0,"26":0,"27":0,"28":0,"29":0,"30":0,"31":0,"32":0,"33":0,"34":0,"35":0,"36":0,"37":0,"38":0,"39":0,"40":0,"41":0,"42":0,"43":0,"44":0,"45":0,"46":0,"47":0,"48":0,"49":0,"50":0,"51":3,"52":0},"b":{"0":[0,6],"1":[2,4],"2":[2,0],"3":[10,0],"4":[10,0],"5":[10,0],"6":[10,0],"7":[10,0],"8":[10,0],"9":[10,0],"10":[10,0],"11":[10,0],"12":[10,10],"13":[10,10],"14":[10,10],"15":[10,10],"16":[10,10],"17":[10,10],"18":[2,2],"19":[2,0],"20":[2,2],"21":[2,0],"22":[2,0],"23":[2,0],"24":[2,0],"25":[0,0],"26":[0,0],"27":[0,0],"28":[0,0],"29":[0,0],"30":[0,0],"31":[0,0],"32":[0,0,0],"33":[0,0],"34":[0,0,0],"35":[0,0]},"meta":{"lastBranch":36,"lastFunction":53,"lastStatement":89,"seen":{"s:15:6:57:Infinity":0,"f:15:6:15:22":0,"b:16:2:16:Infinity:undefined:undefined:undefined:undefined":0,"s:16:2:16:Infinity":1,"s:16:13:16:Infinity":2,"b:18:2:36:Infinity:undefined:undefined:undefined:undefined":1,"s:18:2:36:Infinity":3,"s:19:4:36:Infinity":4,"b:19:33:36:7:36:10:36:Infinity":2,"f:19:38:19:42":1,"s:19:48:36:7":5,"b:21:12:21:22:21:22:21:24":3,"b:22:23:22:44:22:44:22:Infinity":4,"b:23:16:23:30:23:30:23:Infinity":5,"b:24:26:24:50:24:50:24:Infinity":6,"b:25:27:25:52:25:52:25:54":7,"b:26:15:26:28:26:28:26:30":8,"b:27:20:27:38:27:38:27:40":9,"b:28:27:28:52:28:52:28:54":10,"b:29:24:29:46:29:46:29:48":11,"b:30:17:30:32:30:32:30:Infinity":12,"b:31:25:31:48:31:48:31:Infinity":13,"b:32:17:32:32:32:32:32:Infinity":14,"b:33:19:33:36:33:36:33:Infinity":15,"b:34:17:34:32:34:32:34:Infinity":16,"b:35:15:35:28:35:28:35:Infinity":17,"b:39:2:44:Infinity:undefined:undefined:undefined:undefined":18,"s:39:2:44:Infinity":6,"s:40:4:44:Infinity":7,"b:40:33:44:7:44:10:44:Infinity":19,"f:40:38:40:42":2,"s:40:48:44:7":8,"b:42:21:42:40:42:40:42:42":20,"b:43:14:43:26:43:26:43:Infinity":21,"b:47:2:54:Infinity:undefined:undefined:undefined:undefined":22,"s:47:2:54:Infinity":9,"s:48:4:54:Infinity":10,"b:51:14:51:32:51:32:51:Infinity":23,"b:52:16:52:36:52:36:52:Infinity":24,"s:57:2:57:Infinity":11,"s:61:13:249:Infinity":12,"f:62:2:62:Infinity":3,"s:63:19:225:Infinity":13,"f:109:6:109:24":4,"s:109:33:109:90":14,"f:110:6:110:22":5,"s:110:31:110:56":15,"f:111:6:111:20":6,"s:111:29:111:77":16,"f:112:6:112:24":7,"s:112:33:112:60":17,"f:113:6:113:23":8,"s:113:32:113:86":18,"f:114:6:114:18":9,"s:114:27:114:48":19,"f:115:6:115:25":10,"s:115:34:115:62":20,"f:116:6:116:28":11,"s:116:37:116:68":21,"f:119:6:119:25":12,"s:119:37:119:68":22,"f:120:6:120:28":13,"s:120:41:120:76":23,"f:121:6:121:26":14,"s:121:39:121:72":24,"f:122:6:122:26":15,"s:122:36:122:66":25,"f:123:6:123:26":16,"s:123:36:123:66":26,"f:124:6:124:24":17,"s:124:33:124:60":27,"f:125:6:125:26":18,"s:125:37:125:68":28,"f:128:6:128:23":19,"s:128:32:128:58":29,"f:131:6:131:25":20,"s:131:37:131:68":30,"f:134:6:134:25":21,"s:134:47:136:8":31,"f:137:6:137:31":22,"s:137:31:139:9":32,"f:137:31:137:36":23,"s:137:47:138:Infinity":33,"f:142:6:142:23":24,"s:142:46:144:8":34,"f:145:6:145:29":25,"s:145:29:147:9":35,"f:145:29:145:34":26,"s:145:45:146:Infinity":36,"f:150:6:150:23":27,"s:150:32:153:9":37,"f:150:32:150:37":28,"s:150:48:153:9":38,"f:154:6:154:31":29,"s:154:31:154:78":39,"f:155:6:155:27":30,"s:155:27:155:56":40,"f:158:6:158:23":31,"s:158:23:165:Infinity":41,"f:158:23:158:28":32,"s:159:23:159:Infinity":42,"s:160:8:164:Infinity":43,"f:166:6:166:18":33,"s:166:26:175:Infinity":44,"f:166:26:166:31":34,"s:167:25:167:68":45,"f:167:46:167:53":35,"s:167:58:167:68":46,"s:168:28:170:Infinity":47,"b:169:12:169:Infinity:170:12:170:Infinity":25,"b:168:28:168:60:168:60:168:Infinity":26,"s:171:8:174:Infinity":48,"f:178:6:178:19":36,"s:178:44:184:Infinity":49,"f:178:44:178:49":37,"s:179:22:179:Infinity":50,"b:180:8:180:Infinity:undefined:undefined:undefined:undefined":27,"s:180:8:180:Infinity":51,"s:180:35:180:Infinity":52,"s:181:8:183:Infinity":53,"f:182:30:182:34":38,"s:182:42:182:87":54,"b:182:59:182:82:182:82:182:87":28,"f:186:6:186:19":39,"s:186:38:192:Infinity":55,"f:186:38:186:43":40,"s:187:22:187:Infinity":56,"b:188:8:188:Infinity:undefined:undefined:undefined:undefined":29,"s:188:8:188:Infinity":57,"s:188:35:188:Infinity":58,"s:189:8:191:Infinity":59,"f:190:30:190:37":41,"s:190:45:190:60":60,"f:194:6:194:16":42,"s:194:40:200:Infinity":61,"f:194:40:194:45":43,"s:195:22:195:Infinity":62,"b:196:8:196:Infinity:undefined:undefined:undefined:undefined":30,"s:196:8:196:Infinity":63,"s:196:35:196:Infinity":64,"s:197:8:199:Infinity":65,"f:203:6:203:21":44,"s:203:49:209:Infinity":66,"f:203:49:203:54":45,"s:204:22:204:Infinity":67,"b:205:8:205:Infinity:undefined:undefined:undefined:undefined":31,"s:205:8:205:Infinity":68,"b:205:12:205:33:205:37:205:50:205:50:205:73":32,"s:205:73:205:Infinity":69,"s:206:25:206:35":70,"s:207:8:207:Infinity":71,"s:208:8:208:Infinity":72,"f:211:6:211:21":46,"s:211:43:216:Infinity":73,"f:211:43:211:48":47,"s:212:22:212:Infinity":74,"b:213:8:213:Infinity:undefined:undefined:undefined:undefined":33,"s:213:8:213:Infinity":75,"b:213:12:213:33:213:37:213:50:213:50:213:73":34,"s:213:73:213:Infinity":76,"s:214:25:214:60":77,"f:214:31:214:39":48,"s:214:48:214:60":78,"s:215:8:215:Infinity":79,"f:218:6:218:18":49,"s:218:49:223:Infinity":80,"f:218:49:218:54":50,"s:219:22:219:Infinity":81,"b:220:8:220:Infinity:undefined:undefined:undefined:undefined":35,"s:220:8:220:Infinity":82,"s:220:35:220:Infinity":83,"s:221:25:221:35":84,"s:222:8:222:Infinity":85,"s:223:8:223:Infinity":86,"f:228:6:228:19":51,"s:228:30:242:Infinity":87,"f:244:6:244:16":52,"s:246:8:246:Infinity":88}}}
,"/Users/ranpin/code/ranpin.github.io/src/store/usePortfolioStore.ts": {"path":"/Users/ranpin/code/ranpin.github.io/src/store/usePortfolioStore.ts","statementMap":{"0":{"start":{"line":15,"column":6},"end":{"line":57,"column":null}},"1":{"start":{"line":16,"column":2},"end":{"line":16,"column":null}},"2":{"start":{"line":16,"column":13},"end":{"line":16,"column":null}},"3":{"start":{"line":18,"column":2},"end":{"line":36,"column":null}},"4":{"start":{"line":19,"column":4},"end":{"line":36,"column":null}},"5":{"start":{"line":19,"column":48},"end":{"line":36,"column":7}},"6":{"start":{"line":39,"column":2},"end":{"line":44,"column":null}},"7":{"start":{"line":40,"column":4},"end":{"line":44,"column":null}},"8":{"start":{"line":40,"column":48},"end":{"line":44,"column":7}},"9":{"start":{"line":47,"column":2},"end":{"line":54,"column":null}},"10":{"start":{"line":48,"column":4},"end":{"line":54,"column":null}},"11":{"start":{"line":57,"column":2},"end":{"line":57,"column":null}},"12":{"start":{"line":61,"column":13},"end":{"line":251,"column":null}},"13":{"start":{"line":63,"column":19},"end":{"line":227,"column":null}},"14":{"start":{"line":110,"column":33},"end":{"line":110,"column":90}},"15":{"start":{"line":111,"column":31},"end":{"line":111,"column":56}},"16":{"start":{"line":112,"column":29},"end":{"line":112,"column":77}},"17":{"start":{"line":113,"column":33},"end":{"line":113,"column":60}},"18":{"start":{"line":114,"column":32},"end":{"line":114,"column":86}},"19":{"start":{"line":115,"column":27},"end":{"line":115,"column":48}},"20":{"start":{"line":116,"column":34},"end":{"line":116,"column":62}},"21":{"start":{"line":117,"column":37},"end":{"line":117,"column":68}},"22":{"start":{"line":120,"column":37},"end":{"line":120,"column":68}},"23":{"start":{"line":121,"column":41},"end":{"line":121,"column":76}},"24":{"start":{"line":122,"column":39},"end":{"line":122,"column":72}},"25":{"start":{"line":123,"column":36},"end":{"line":123,"column":66}},"26":{"start":{"line":124,"column":36},"end":{"line":124,"column":66}},"27":{"start":{"line":125,"column":33},"end":{"line":125,"column":60}},"28":{"start":{"line":126,"column":37},"end":{"line":126,"column":68}},"29":{"start":{"line":129,"column":32},"end":{"line":129,"column":58}},"30":{"start":{"line":132,"column":37},"end":{"line":132,"column":68}},"31":{"start":{"line":135,"column":47},"end":{"line":137,"column":8}},"32":{"start":{"line":138,"column":31},"end":{"line":140,"column":9}},"33":{"start":{"line":138,"column":47},"end":{"line":139,"column":null}},"34":{"start":{"line":143,"column":46},"end":{"line":145,"column":8}},"35":{"start":{"line":146,"column":29},"end":{"line":148,"column":9}},"36":{"start":{"line":146,"column":45},"end":{"line":147,"column":null}},"37":{"start":{"line":151,"column":32},"end":{"line":154,"column":9}},"38":{"start":{"line":151,"column":48},"end":{"line":154,"column":9}},"39":{"start":{"line":155,"column":31},"end":{"line":155,"column":78}},"40":{"start":{"line":156,"column":27},"end":{"line":156,"column":56}},"41":{"start":{"line":157,"column":31},"end":{"line":157,"column":56}},"42":{"start":{"line":160,"column":23},"end":{"line":167,"column":null}},"43":{"start":{"line":161,"column":23},"end":{"line":161,"column":null}},"44":{"start":{"line":162,"column":8},"end":{"line":166,"column":null}},"45":{"start":{"line":168,"column":26},"end":{"line":177,"column":null}},"46":{"start":{"line":169,"column":25},"end":{"line":169,"column":68}},"47":{"start":{"line":169,"column":58},"end":{"line":169,"column":68}},"48":{"start":{"line":170,"column":28},"end":{"line":172,"column":null}},"49":{"start":{"line":173,"column":8},"end":{"line":176,"column":null}},"50":{"start":{"line":180,"column":44},"end":{"line":186,"column":null}},"51":{"start":{"line":181,"column":22},"end":{"line":181,"column":null}},"52":{"start":{"line":182,"column":8},"end":{"line":182,"column":null}},"53":{"start":{"line":182,"column":35},"end":{"line":182,"column":null}},"54":{"start":{"line":183,"column":8},"end":{"line":185,"column":null}},"55":{"start":{"line":184,"column":42},"end":{"line":184,"column":87}},"56":{"start":{"line":188,"column":38},"end":{"line":194,"column":null}},"57":{"start":{"line":189,"column":22},"end":{"line":189,"column":null}},"58":{"start":{"line":190,"column":8},"end":{"line":190,"column":null}},"59":{"start":{"line":190,"column":35},"end":{"line":190,"column":null}},"60":{"start":{"line":191,"column":8},"end":{"line":193,"column":null}},"61":{"start":{"line":192,"column":45},"end":{"line":192,"column":60}},"62":{"start":{"line":196,"column":40},"end":{"line":202,"column":null}},"63":{"start":{"line":197,"column":22},"end":{"line":197,"column":null}},"64":{"start":{"line":198,"column":8},"end":{"line":198,"column":null}},"65":{"start":{"line":198,"column":35},"end":{"line":198,"column":null}},"66":{"start":{"line":199,"column":8},"end":{"line":201,"column":null}},"67":{"start":{"line":205,"column":49},"end":{"line":211,"column":null}},"68":{"start":{"line":206,"column":22},"end":{"line":206,"column":null}},"69":{"start":{"line":207,"column":8},"end":{"line":207,"column":null}},"70":{"start":{"line":207,"column":73},"end":{"line":207,"column":null}},"71":{"start":{"line":208,"column":25},"end":{"line":208,"column":35}},"72":{"start":{"line":209,"column":8},"end":{"line":209,"column":null}},"73":{"start":{"line":210,"column":8},"end":{"line":210,"column":null}},"74":{"start":{"line":213,"column":43},"end":{"line":218,"column":null}},"75":{"start":{"line":214,"column":22},"end":{"line":214,"column":null}},"76":{"start":{"line":215,"column":8},"end":{"line":215,"column":null}},"77":{"start":{"line":215,"column":73},"end":{"line":215,"column":null}},"78":{"start":{"line":216,"column":25},"end":{"line":216,"column":60}},"79":{"start":{"line":216,"column":48},"end":{"line":216,"column":60}},"80":{"start":{"line":217,"column":8},"end":{"line":217,"column":null}},"81":{"start":{"line":220,"column":49},"end":{"line":225,"column":null}},"82":{"start":{"line":221,"column":22},"end":{"line":221,"column":null}},"83":{"start":{"line":222,"column":8},"end":{"line":222,"column":null}},"84":{"start":{"line":222,"column":35},"end":{"line":222,"column":null}},"85":{"start":{"line":223,"column":25},"end":{"line":223,"column":35}},"86":{"start":{"line":224,"column":8},"end":{"line":224,"column":null}},"87":{"start":{"line":225,"column":8},"end":{"line":225,"column":null}},"88":{"start":{"line":230,"column":30},"end":{"line":244,"column":null}},"89":{"start":{"line":248,"column":8},"end":{"line":248,"column":null}}},"fnMap":{"0":{"name":"(anonymous_0)","decl":{"start":{"line":15,"column":6},"end":{"line":15,"column":22}},"loc":{"start":{"line":15,"column":37},"end":{"line":57,"column":null}},"line":15},"1":{"name":"(anonymous_1)","decl":{"start":{"line":19,"column":38},"end":{"line":19,"column":42}},"loc":{"start":{"line":19,"column":48},"end":{"line":36,"column":7}},"line":19},"2":{"name":"(anonymous_2)","decl":{"start":{"line":40,"column":38},"end":{"line":40,"column":42}},"loc":{"start":{"line":40,"column":48},"end":{"line":44,"column":7}},"line":40},"3":{"name":"(anonymous_3)","decl":{"start":{"line":62,"column":2},"end":{"line":62,"column":null}},"loc":{"start":{"line":63,"column":19},"end":{"line":227,"column":null}},"line":63},"4":{"name":"(anonymous_4)","decl":{"start":{"line":110,"column":6},"end":{"line":110,"column":24}},"loc":{"start":{"line":110,"column":33},"end":{"line":110,"column":90}},"line":110},"5":{"name":"(anonymous_5)","decl":{"start":{"line":111,"column":6},"end":{"line":111,"column":22}},"loc":{"start":{"line":111,"column":31},"end":{"line":111,"column":56}},"line":111},"6":{"name":"(anonymous_6)","decl":{"start":{"line":112,"column":6},"end":{"line":112,"column":20}},"loc":{"start":{"line":112,"column":29},"end":{"line":112,"column":77}},"line":112},"7":{"name":"(anonymous_7)","decl":{"start":{"line":113,"column":6},"end":{"line":113,"column":24}},"loc":{"start":{"line":113,"column":33},"end":{"line":113,"column":60}},"line":113},"8":{"name":"(anonymous_8)","decl":{"start":{"line":114,"column":6},"end":{"line":114,"column":23}},"loc":{"start":{"line":114,"column":32},"end":{"line":114,"column":86}},"line":114},"9":{"name":"(anonymous_9)","decl":{"start":{"line":115,"column":6},"end":{"line":115,"column":18}},"loc":{"start":{"line":115,"column":27},"end":{"line":115,"column":48}},"line":115},"10":{"name":"(anonymous_10)","decl":{"start":{"line":116,"column":6},"end":{"line":116,"column":25}},"loc":{"start":{"line":116,"column":34},"end":{"line":116,"column":62}},"line":116},"11":{"name":"(anonymous_11)","decl":{"start":{"line":117,"column":6},"end":{"line":117,"column":28}},"loc":{"start":{"line":117,"column":37},"end":{"line":117,"column":68}},"line":117},"12":{"name":"(anonymous_12)","decl":{"start":{"line":120,"column":6},"end":{"line":120,"column":25}},"loc":{"start":{"line":120,"column":37},"end":{"line":120,"column":68}},"line":120},"13":{"name":"(anonymous_13)","decl":{"start":{"line":121,"column":6},"end":{"line":121,"column":28}},"loc":{"start":{"line":121,"column":41},"end":{"line":121,"column":76}},"line":121},"14":{"name":"(anonymous_14)","decl":{"start":{"line":122,"column":6},"end":{"line":122,"column":26}},"loc":{"start":{"line":122,"column":39},"end":{"line":122,"column":72}},"line":122},"15":{"name":"(anonymous_15)","decl":{"start":{"line":123,"column":6},"end":{"line":123,"column":26}},"loc":{"start":{"line":123,"column":36},"end":{"line":123,"column":66}},"line":123},"16":{"name":"(anonymous_16)","decl":{"start":{"line":124,"column":6},"end":{"line":124,"column":26}},"loc":{"start":{"line":124,"column":36},"end":{"line":124,"column":66}},"line":124},"17":{"name":"(anonymous_17)","decl":{"start":{"line":125,"column":6},"end":{"line":125,"column":24}},"loc":{"start":{"line":125,"column":33},"end":{"line":125,"column":60}},"line":125},"18":{"name":"(anonymous_18)","decl":{"start":{"line":126,"column":6},"end":{"line":126,"column":26}},"loc":{"start":{"line":126,"column":37},"end":{"line":126,"column":68}},"line":126},"19":{"name":"(anonymous_19)","decl":{"start":{"line":129,"column":6},"end":{"line":129,"column":23}},"loc":{"start":{"line":129,"column":32},"end":{"line":129,"column":58}},"line":129},"20":{"name":"(anonymous_20)","decl":{"start":{"line":132,"column":6},"end":{"line":132,"column":25}},"loc":{"start":{"line":132,"column":37},"end":{"line":132,"column":68}},"line":132},"21":{"name":"(anonymous_21)","decl":{"start":{"line":135,"column":6},"end":{"line":135,"column":25}},"loc":{"start":{"line":135,"column":47},"end":{"line":137,"column":8}},"line":135},"22":{"name":"(anonymous_22)","decl":{"start":{"line":138,"column":6},"end":{"line":138,"column":31}},"loc":{"start":{"line":138,"column":31},"end":{"line":140,"column":9}},"line":138},"23":{"name":"(anonymous_23)","decl":{"start":{"line":138,"column":31},"end":{"line":138,"column":36}},"loc":{"start":{"line":138,"column":47},"end":{"line":139,"column":null}},"line":138},"24":{"name":"(anonymous_24)","decl":{"start":{"line":143,"column":6},"end":{"line":143,"column":23}},"loc":{"start":{"line":143,"column":46},"end":{"line":145,"column":8}},"line":143},"25":{"name":"(anonymous_25)","decl":{"start":{"line":146,"column":6},"end":{"line":146,"column":29}},"loc":{"start":{"line":146,"column":29},"end":{"line":148,"column":9}},"line":146},"26":{"name":"(anonymous_26)","decl":{"start":{"line":146,"column":29},"end":{"line":146,"column":34}},"loc":{"start":{"line":146,"column":45},"end":{"line":147,"column":null}},"line":146},"27":{"name":"(anonymous_27)","decl":{"start":{"line":151,"column":6},"end":{"line":151,"column":23}},"loc":{"start":{"line":151,"column":32},"end":{"line":154,"column":9}},"line":151},"28":{"name":"(anonymous_28)","decl":{"start":{"line":151,"column":32},"end":{"line":151,"column":37}},"loc":{"start":{"line":151,"column":48},"end":{"line":154,"column":9}},"line":151},"29":{"name":"(anonymous_29)","decl":{"start":{"line":155,"column":6},"end":{"line":155,"column":31}},"loc":{"start":{"line":155,"column":31},"end":{"line":155,"column":78}},"line":155},"30":{"name":"(anonymous_30)","decl":{"start":{"line":156,"column":6},"end":{"line":156,"column":27}},"loc":{"start":{"line":156,"column":27},"end":{"line":156,"column":56}},"line":156},"31":{"name":"(anonymous_31)","decl":{"start":{"line":157,"column":6},"end":{"line":157,"column":21}},"loc":{"start":{"line":157,"column":31},"end":{"line":157,"column":56}},"line":157},"32":{"name":"(anonymous_32)","decl":{"start":{"line":160,"column":6},"end":{"line":160,"column":23}},"loc":{"start":{"line":160,"column":23},"end":{"line":167,"column":null}},"line":160},"33":{"name":"(anonymous_33)","decl":{"start":{"line":160,"column":23},"end":{"line":160,"column":28}},"loc":{"start":{"line":160,"column":38},"end":{"line":167,"column":null}},"line":160},"34":{"name":"(anonymous_34)","decl":{"start":{"line":168,"column":6},"end":{"line":168,"column":18}},"loc":{"start":{"line":168,"column":26},"end":{"line":177,"column":null}},"line":168},"35":{"name":"(anonymous_35)","decl":{"start":{"line":168,"column":26},"end":{"line":168,"column":31}},"loc":{"start":{"line":168,"column":41},"end":{"line":177,"column":null}},"line":168},"36":{"name":"(anonymous_36)","decl":{"start":{"line":169,"column":46},"end":{"line":169,"column":53}},"loc":{"start":{"line":169,"column":58},"end":{"line":169,"column":68}},"line":169},"37":{"name":"(anonymous_37)","decl":{"start":{"line":180,"column":6},"end":{"line":180,"column":19}},"loc":{"start":{"line":180,"column":44},"end":{"line":186,"column":null}},"line":180},"38":{"name":"(anonymous_38)","decl":{"start":{"line":180,"column":44},"end":{"line":180,"column":49}},"loc":{"start":{"line":180,"column":59},"end":{"line":186,"column":null}},"line":180},"39":{"name":"(anonymous_39)","decl":{"start":{"line":184,"column":30},"end":{"line":184,"column":34}},"loc":{"start":{"line":184,"column":42},"end":{"line":184,"column":87}},"line":184},"40":{"name":"(anonymous_40)","decl":{"start":{"line":188,"column":6},"end":{"line":188,"column":19}},"loc":{"start":{"line":188,"column":38},"end":{"line":194,"column":null}},"line":188},"41":{"name":"(anonymous_41)","decl":{"start":{"line":188,"column":38},"end":{"line":188,"column":43}},"loc":{"start":{"line":188,"column":53},"end":{"line":194,"column":null}},"line":188},"42":{"name":"(anonymous_42)","decl":{"start":{"line":192,"column":30},"end":{"line":192,"column":37}},"loc":{"start":{"line":192,"column":45},"end":{"line":192,"column":60}},"line":192},"43":{"name":"(anonymous_43)","decl":{"start":{"line":196,"column":6},"end":{"line":196,"column":16}},"loc":{"start":{"line":196,"column":40},"end":{"line":202,"column":null}},"line":196},"44":{"name":"(anonymous_44)","decl":{"start":{"line":196,"column":40},"end":{"line":196,"column":45}},"loc":{"start":{"line":196,"column":55},"end":{"line":202,"column":null}},"line":196},"45":{"name":"(anonymous_45)","decl":{"start":{"line":205,"column":6},"end":{"line":205,"column":21}},"loc":{"start":{"line":205,"column":49},"end":{"line":211,"column":null}},"line":205},"46":{"name":"(anonymous_46)","decl":{"start":{"line":205,"column":49},"end":{"line":205,"column":54}},"loc":{"start":{"line":205,"column":64},"end":{"line":211,"column":null}},"line":205},"47":{"name":"(anonymous_47)","decl":{"start":{"line":213,"column":6},"end":{"line":213,"column":21}},"loc":{"start":{"line":213,"column":43},"end":{"line":218,"column":null}},"line":213},"48":{"name":"(anonymous_48)","decl":{"start":{"line":213,"column":43},"end":{"line":213,"column":48}},"loc":{"start":{"line":213,"column":58},"end":{"line":218,"column":null}},"line":213},"49":{"name":"(anonymous_49)","decl":{"start":{"line":216,"column":31},"end":{"line":216,"column":39}},"loc":{"start":{"line":216,"column":48},"end":{"line":216,"column":60}},"line":216},"50":{"name":"(anonymous_50)","decl":{"start":{"line":220,"column":6},"end":{"line":220,"column":18}},"loc":{"start":{"line":220,"column":49},"end":{"line":225,"column":null}},"line":220},"51":{"name":"(anonymous_51)","decl":{"start":{"line":220,"column":49},"end":{"line":220,"column":54}},"loc":{"start":{"line":220,"column":64},"end":{"line":225,"column":null}},"line":220},"52":{"name":"(anonymous_52)","decl":{"start":{"line":230,"column":6},"end":{"line":230,"column":19}},"loc":{"start":{"line":230,"column":30},"end":{"line":244,"column":null}},"line":230},"53":{"name":"(anonymous_53)","decl":{"start":{"line":246,"column":6},"end":{"line":246,"column":16}},"loc":{"start":{"line":246,"column":44},"end":{"line":248,"column":null}},"line":246}},"branchMap":{"0":{"loc":{"start":{"line":16,"column":2},"end":{"line":16,"column":null}},"type":"if","locations":[{"start":{"line":16,"column":2},"end":{"line":16,"column":null}},{"start":{},"end":{}}],"line":16},"1":{"loc":{"start":{"line":18,"column":2},"end":{"line":36,"column":null}},"type":"if","locations":[{"start":{"line":18,"column":2},"end":{"line":36,"column":null}},{"start":{},"end":{}}],"line":18},"2":{"loc":{"start":{"line":19,"column":11},"end":{"line":36,"column":null}},"type":"cond-expr","locations":[{"start":{"line":19,"column":33},"end":{"line":36,"column":7}},{"start":{"line":36,"column":10},"end":{"line":36,"column":null}}],"line":19},"3":{"loc":{"start":{"line":21,"column":12},"end":{"line":21,"column":24}},"type":"binary-expr","locations":[{"start":{"line":21,"column":12},"end":{"line":21,"column":22}},{"start":{"line":21,"column":22},"end":{"line":21,"column":24}}],"line":21},"4":{"loc":{"start":{"line":22,"column":23},"end":{"line":22,"column":null}},"type":"binary-expr","locations":[{"start":{"line":22,"column":23},"end":{"line":22,"column":44}},{"start":{"line":22,"column":44},"end":{"line":22,"column":null}}],"line":22},"5":{"loc":{"start":{"line":23,"column":16},"end":{"line":23,"column":null}},"type":"binary-expr","locations":[{"start":{"line":23,"column":16},"end":{"line":23,"column":30}},{"start":{"line":23,"column":30},"end":{"line":23,"column":null}}],"line":23},"6":{"loc":{"start":{"line":24,"column":26},"end":{"line":24,"column":null}},"type":"binary-expr","locations":[{"start":{"line":24,"column":26},"end":{"line":24,"column":50}},{"start":{"line":24,"column":50},"end":{"line":24,"column":null}}],"line":24},"7":{"loc":{"start":{"line":25,"column":27},"end":{"line":25,"column":54}},"type":"binary-expr","locations":[{"start":{"line":25,"column":27},"end":{"line":25,"column":52}},{"start":{"line":25,"column":52},"end":{"line":25,"column":54}}],"line":25},"8":{"loc":{"start":{"line":26,"column":15},"end":{"line":26,"column":30}},"type":"binary-expr","locations":[{"start":{"line":26,"column":15},"end":{"line":26,"column":28}},{"start":{"line":26,"column":28},"end":{"line":26,"column":30}}],"line":26},"9":{"loc":{"start":{"line":27,"column":20},"end":{"line":27,"column":40}},"type":"binary-expr","locations":[{"start":{"line":27,"column":20},"end":{"line":27,"column":38}},{"start":{"line":27,"column":38},"end":{"line":27,"column":40}}],"line":27},"10":{"loc":{"start":{"line":28,"column":27},"end":{"line":28,"column":54}},"type":"binary-expr","locations":[{"start":{"line":28,"column":27},"end":{"line":28,"column":52}},{"start":{"line":28,"column":52},"end":{"line":28,"column":54}}],"line":28},"11":{"loc":{"start":{"line":29,"column":24},"end":{"line":29,"column":48}},"type":"binary-expr","locations":[{"start":{"line":29,"column":24},"end":{"line":29,"column":46}},{"start":{"line":29,"column":46},"end":{"line":29,"column":48}}],"line":29},"12":{"loc":{"start":{"line":30,"column":17},"end":{"line":30,"column":null}},"type":"binary-expr","locations":[{"start":{"line":30,"column":17},"end":{"line":30,"column":32}},{"start":{"line":30,"column":32},"end":{"line":30,"column":null}}],"line":30},"13":{"loc":{"start":{"line":31,"column":25},"end":{"line":31,"column":null}},"type":"binary-expr","locations":[{"start":{"line":31,"column":25},"end":{"line":31,"column":48}},{"start":{"line":31,"column":48},"end":{"line":31,"column":null}}],"line":31},"14":{"loc":{"start":{"line":32,"column":17},"end":{"line":32,"column":null}},"type":"binary-expr","locations":[{"start":{"line":32,"column":17},"end":{"line":32,"column":32}},{"start":{"line":32,"column":32},"end":{"line":32,"column":null}}],"line":32},"15":{"loc":{"start":{"line":33,"column":19},"end":{"line":33,"column":null}},"type":"binary-expr","locations":[{"start":{"line":33,"column":19},"end":{"line":33,"column":36}},{"start":{"line":33,"column":36},"end":{"line":33,"column":null}}],"line":33},"16":{"loc":{"start":{"line":34,"column":17},"end":{"line":34,"column":null}},"type":"binary-expr","locations":[{"start":{"line":34,"column":17},"end":{"line":34,"column":32}},{"start":{"line":34,"column":32},"end":{"line":34,"column":null}}],"line":34},"17":{"loc":{"start":{"line":35,"column":15},"end":{"line":35,"column":null}},"type":"binary-expr","locations":[{"start":{"line":35,"column":15},"end":{"line":35,"column":28}},{"start":{"line":35,"column":28},"end":{"line":35,"column":null}}],"line":35},"18":{"loc":{"start":{"line":39,"column":2},"end":{"line":44,"column":null}},"type":"if","locations":[{"start":{"line":39,"column":2},"end":{"line":44,"column":null}},{"start":{},"end":{}}],"line":39},"19":{"loc":{"start":{"line":40,"column":11},"end":{"line":44,"column":null}},"type":"cond-expr","locations":[{"start":{"line":40,"column":33},"end":{"line":44,"column":7}},{"start":{"line":44,"column":10},"end":{"line":44,"column":null}}],"line":40},"20":{"loc":{"start":{"line":42,"column":21},"end":{"line":42,"column":42}},"type":"binary-expr","locations":[{"start":{"line":42,"column":21},"end":{"line":42,"column":40}},{"start":{"line":42,"column":40},"end":{"line":42,"column":42}}],"line":42},"21":{"loc":{"start":{"line":43,"column":14},"end":{"line":43,"column":null}},"type":"binary-expr","locations":[{"start":{"line":43,"column":14},"end":{"line":43,"column":26}},{"start":{"line":43,"column":26},"end":{"line":43,"column":null}}],"line":43},"22":{"loc":{"start":{"line":47,"column":2},"end":{"line":54,"column":null}},"type":"if","locations":[{"start":{"line":47,"column":2},"end":{"line":54,"column":null}},{"start":{},"end":{}}],"line":47},"23":{"loc":{"start":{"line":51,"column":14},"end":{"line":51,"column":null}},"type":"binary-expr","locations":[{"start":{"line":51,"column":14},"end":{"line":51,"column":32}},{"start":{"line":51,"column":32},"end":{"line":51,"column":null}}],"line":51},"24":{"loc":{"start":{"line":52,"column":16},"end":{"line":52,"column":null}},"type":"binary-expr","locations":[{"start":{"line":52,"column":16},"end":{"line":52,"column":36}},{"start":{"line":52,"column":36},"end":{"line":52,"column":null}}],"line":52},"25":{"loc":{"start":{"line":170,"column":28},"end":{"line":172,"column":null}},"type":"cond-expr","locations":[{"start":{"line":171,"column":12},"end":{"line":171,"column":null}},{"start":{"line":172,"column":12},"end":{"line":172,"column":null}}],"line":170},"26":{"loc":{"start":{"line":170,"column":28},"end":{"line":170,"column":null}},"type":"binary-expr","locations":[{"start":{"line":170,"column":28},"end":{"line":170,"column":60}},{"start":{"line":170,"column":60},"end":{"line":170,"column":null}}],"line":170},"27":{"loc":{"start":{"line":182,"column":8},"end":{"line":182,"column":null}},"type":"if","locations":[{"start":{"line":182,"column":8},"end":{"line":182,"column":null}},{"start":{},"end":{}}],"line":182},"28":{"loc":{"start":{"line":184,"column":42},"end":{"line":184,"column":87}},"type":"cond-expr","locations":[{"start":{"line":184,"column":59},"end":{"line":184,"column":82}},{"start":{"line":184,"column":82},"end":{"line":184,"column":87}}],"line":184},"29":{"loc":{"start":{"line":190,"column":8},"end":{"line":190,"column":null}},"type":"if","locations":[{"start":{"line":190,"column":8},"end":{"line":190,"column":null}},{"start":{},"end":{}}],"line":190},"30":{"loc":{"start":{"line":198,"column":8},"end":{"line":198,"column":null}},"type":"if","locations":[{"start":{"line":198,"column":8},"end":{"line":198,"column":null}},{"start":{},"end":{}}],"line":198},"31":{"loc":{"start":{"line":207,"column":8},"end":{"line":207,"column":null}},"type":"if","locations":[{"start":{"line":207,"column":8},"end":{"line":207,"column":null}},{"start":{},"end":{}}],"line":207},"32":{"loc":{"start":{"line":207,"column":12},"end":{"line":207,"column":73}},"type":"binary-expr","locations":[{"start":{"line":207,"column":12},"end":{"line":207,"column":33}},{"start":{"line":207,"column":37},"end":{"line":207,"column":50}},{"start":{"line":207,"column":50},"end":{"line":207,"column":73}}],"line":207},"33":{"loc":{"start":{"line":215,"column":8},"end":{"line":215,"column":null}},"type":"if","locations":[{"start":{"line":215,"column":8},"end":{"line":215,"column":null}},{"start":{},"end":{}}],"line":215},"34":{"loc":{"start":{"line":215,"column":12},"end":{"line":215,"column":73}},"type":"binary-expr","locations":[{"start":{"line":215,"column":12},"end":{"line":215,"column":33}},{"start":{"line":215,"column":37},"end":{"line":215,"column":50}},{"start":{"line":215,"column":50},"end":{"line":215,"column":73}}],"line":215},"35":{"loc":{"start":{"line":222,"column":8},"end":{"line":222,"column":null}},"type":"if","locations":[{"start":{"line":222,"column":8},"end":{"line":222,"column":null}},{"start":{},"end":{}}],"line":222}},"s":{"0":1,"1":3,"2":0,"3":3,"4":1,"5":5,"6":2,"7":1,"8":1,"9":1,"10":1,"11":0,"12":1,"13":1,"14":0,"15":0,"16":0,"17":0,"18":0,"19":0,"20":0,"21":0,"22":1,"23":0,"24":0,"25":0,"26":0,"27":0,"28":0,"29":2,"30":1,"31":0,"32":0,"33":0,"34":0,"35":0,"36":0,"37":0,"38":0,"39":0,"40":0,"41":0,"42":0,"43":0,"44":0,"45":0,"46":0,"47":0,"48":0,"49":0,"50":0,"51":0,"52":0,"53":0,"54":0,"55":0,"56":0,"57":0,"58":0,"59":0,"60":0,"61":0,"62":0,"63":0,"64":0,"65":0,"66":0,"67":0,"68":0,"69":0,"70":0,"71":0,"72":0,"73":0,"74":0,"75":0,"76":0,"77":0,"78":0,"79":0,"80":0,"81":0,"82":0,"83":0,"84":0,"85":0,"86":0,"87":0,"88":8,"89":0},"f":{"0":3,"1":5,"2":1,"3":1,"4":0,"5":0,"6":0,"7":0,"8":0,"9":0,"10":0,"11":0,"12":1,"13":0,"14":0,"15":0,"16":0,"17":0,"18":0,"19":2,"20":1,"21":0,"22":0,"23":0,"24":0,"25":0,"26":0,"27":0,"28":0,"29":0,"30":0,"31":0,"32":0,"33":0,"34":0,"35":0,"36":0,"37":0,"38":0,"39":0,"40":0,"41":0,"42":0,"43":0,"44":0,"45":0,"46":0,"47":0,"48":0,"49":0,"50":0,"51":0,"52":8,"53":0},"b":{"0":[0,3],"1":[1,2],"2":[1,0],"3":[5,0],"4":[5,0],"5":[5,0],"6":[5,0],"7":[5,0],"8":[5,0],"9":[5,0],"10":[5,0],"11":[5,0],"12":[5,5],"13":[5,5],"14":[5,5],"15":[5,5],"16":[5,5],"17":[5,5],"18":[1,1],"19":[1,0],"20":[1,1],"21":[1,0],"22":[1,0],"23":[1,0],"24":[1,0],"25":[0,0],"26":[0,0],"27":[0,0],"28":[0,0],"29":[0,0],"30":[0,0],"31":[0,0],"32":[0,0,0],"33":[0,0],"34":[0,0,0],"35":[0,0]},"meta":{"lastBranch":36,"lastFunction":54,"lastStatement":90,"seen":{"s:15:6:57:Infinity":0,"f:15:6:15:22":0,"b:16:2:16:Infinity:undefined:undefined:undefined:undefined":0,"s:16:2:16:Infinity":1,"s:16:13:16:Infinity":2,"b:18:2:36:Infinity:undefined:undefined:undefined:undefined":1,"s:18:2:36:Infinity":3,"s:19:4:36:Infinity":4,"b:19:33:36:7:36:10:36:Infinity":2,"f:19:38:19:42":1,"s:19:48:36:7":5,"b:21:12:21:22:21:22:21:24":3,"b:22:23:22:44:22:44:22:Infinity":4,"b:23:16:23:30:23:30:23:Infinity":5,"b:24:26:24:50:24:50:24:Infinity":6,"b:25:27:25:52:25:52:25:54":7,"b:26:15:26:28:26:28:26:30":8,"b:27:20:27:38:27:38:27:40":9,"b:28:27:28:52:28:52:28:54":10,"b:29:24:29:46:29:46:29:48":11,"b:30:17:30:32:30:32:30:Infinity":12,"b:31:25:31:48:31:48:31:Infinity":13,"b:32:17:32:32:32:32:32:Infinity":14,"b:33:19:33:36:33:36:33:Infinity":15,"b:34:17:34:32:34:32:34:Infinity":16,"b:35:15:35:28:35:28:35:Infinity":17,"b:39:2:44:Infinity:undefined:undefined:undefined:undefined":18,"s:39:2:44:Infinity":6,"s:40:4:44:Infinity":7,"b:40:33:44:7:44:10:44:Infinity":19,"f:40:38:40:42":2,"s:40:48:44:7":8,"b:42:21:42:40:42:40:42:42":20,"b:43:14:43:26:43:26:43:Infinity":21,"b:47:2:54:Infinity:undefined:undefined:undefined:undefined":22,"s:47:2:54:Infinity":9,"s:48:4:54:Infinity":10,"b:51:14:51:32:51:32:51:Infinity":23,"b:52:16:52:36:52:36:52:Infinity":24,"s:57:2:57:Infinity":11,"s:61:13:251:Infinity":12,"f:62:2:62:Infinity":3,"s:63:19:227:Infinity":13,"f:110:6:110:24":4,"s:110:33:110:90":14,"f:111:6:111:22":5,"s:111:31:111:56":15,"f:112:6:112:20":6,"s:112:29:112:77":16,"f:113:6:113:24":7,"s:113:33:113:60":17,"f:114:6:114:23":8,"s:114:32:114:86":18,"f:115:6:115:18":9,"s:115:27:115:48":19,"f:116:6:116:25":10,"s:116:34:116:62":20,"f:117:6:117:28":11,"s:117:37:117:68":21,"f:120:6:120:25":12,"s:120:37:120:68":22,"f:121:6:121:28":13,"s:121:41:121:76":23,"f:122:6:122:26":14,"s:122:39:122:72":24,"f:123:6:123:26":15,"s:123:36:123:66":25,"f:124:6:124:26":16,"s:124:36:124:66":26,"f:125:6:125:24":17,"s:125:33:125:60":27,"f:126:6:126:26":18,"s:126:37:126:68":28,"f:129:6:129:23":19,"s:129:32:129:58":29,"f:132:6:132:25":20,"s:132:37:132:68":30,"f:135:6:135:25":21,"s:135:47:137:8":31,"f:138:6:138:31":22,"s:138:31:140:9":32,"f:138:31:138:36":23,"s:138:47:139:Infinity":33,"f:143:6:143:23":24,"s:143:46:145:8":34,"f:146:6:146:29":25,"s:146:29:148:9":35,"f:146:29:146:34":26,"s:146:45:147:Infinity":36,"f:151:6:151:23":27,"s:151:32:154:9":37,"f:151:32:151:37":28,"s:151:48:154:9":38,"f:155:6:155:31":29,"s:155:31:155:78":39,"f:156:6:156:27":30,"s:156:27:156:56":40,"f:157:6:157:21":31,"s:157:31:157:56":41,"f:160:6:160:23":32,"s:160:23:167:Infinity":42,"f:160:23:160:28":33,"s:161:23:161:Infinity":43,"s:162:8:166:Infinity":44,"f:168:6:168:18":34,"s:168:26:177:Infinity":45,"f:168:26:168:31":35,"s:169:25:169:68":46,"f:169:46:169:53":36,"s:169:58:169:68":47,"s:170:28:172:Infinity":48,"b:171:12:171:Infinity:172:12:172:Infinity":25,"b:170:28:170:60:170:60:170:Infinity":26,"s:173:8:176:Infinity":49,"f:180:6:180:19":37,"s:180:44:186:Infinity":50,"f:180:44:180:49":38,"s:181:22:181:Infinity":51,"b:182:8:182:Infinity:undefined:undefined:undefined:undefined":27,"s:182:8:182:Infinity":52,"s:182:35:182:Infinity":53,"s:183:8:185:Infinity":54,"f:184:30:184:34":39,"s:184:42:184:87":55,"b:184:59:184:82:184:82:184:87":28,"f:188:6:188:19":40,"s:188:38:194:Infinity":56,"f:188:38:188:43":41,"s:189:22:189:Infinity":57,"b:190:8:190:Infinity:undefined:undefined:undefined:undefined":29,"s:190:8:190:Infinity":58,"s:190:35:190:Infinity":59,"s:191:8:193:Infinity":60,"f:192:30:192:37":42,"s:192:45:192:60":61,"f:196:6:196:16":43,"s:196:40:202:Infinity":62,"f:196:40:196:45":44,"s:197:22:197:Infinity":63,"b:198:8:198:Infinity:undefined:undefined:undefined:undefined":30,"s:198:8:198:Infinity":64,"s:198:35:198:Infinity":65,"s:199:8:201:Infinity":66,"f:205:6:205:21":45,"s:205:49:211:Infinity":67,"f:205:49:205:54":46,"s:206:22:206:Infinity":68,"b:207:8:207:Infinity:undefined:undefined:undefined:undefined":31,"s:207:8:207:Infinity":69,"b:207:12:207:33:207:37:207:50:207:50:207:73":32,"s:207:73:207:Infinity":70,"s:208:25:208:35":71,"s:209:8:209:Infinity":72,"s:210:8:210:Infinity":73,"f:213:6:213:21":47,"s:213:43:218:Infinity":74,"f:213:43:213:48":48,"s:214:22:214:Infinity":75,"b:215:8:215:Infinity:undefined:undefined:undefined:undefined":33,"s:215:8:215:Infinity":76,"b:215:12:215:33:215:37:215:50:215:50:215:73":34,"s:215:73:215:Infinity":77,"s:216:25:216:60":78,"f:216:31:216:39":49,"s:216:48:216:60":79,"s:217:8:217:Infinity":80,"f:220:6:220:18":50,"s:220:49:225:Infinity":81,"f:220:49:220:54":51,"s:221:22:221:Infinity":82,"b:222:8:222:Infinity:undefined:undefined:undefined:undefined":35,"s:222:8:222:Infinity":83,"s:222:35:222:Infinity":84,"s:223:25:223:35":85,"s:224:8:224:Infinity":86,"s:225:8:225:Infinity":87,"f:230:6:230:19":52,"s:230:30:244:Infinity":88,"f:246:6:246:16":53,"s:248:8:248:Infinity":89}}}
}
